d:\work\cmedia_server\webrtc_google\lib\mediasoup-demo\server\node_modules\mediasoup\worker\deps\libwebrtc\release\obj\libwebrtc\libwebrtc.pdb
d:\work\cmedia_server\webrtc_google\lib\mediasoup-demo\server\node_modules\mediasoup\worker\deps\libwebrtc\release\obj\libwebrtc\bitrate_prober.obj
d:\work\cmedia_server\webrtc_google\lib\mediasoup-demo\server\node_modules\mediasoup\worker\deps\libwebrtc\release\obj\libwebrtc\interval_budget.obj
d:\work\cmedia_server\webrtc_google\lib\mediasoup-demo\server\node_modules\mediasoup\worker\deps\libwebrtc\release\obj\libwebrtc\network_state_predictor.obj
d:\work\cmedia_server\webrtc_google\lib\mediasoup-demo\server\node_modules\mediasoup\worker\deps\libwebrtc\release\obj\libwebrtc\frequency.obj
d:\work\cmedia_server\webrtc_google\lib\mediasoup-demo\server\node_modules\mediasoup\worker\deps\libwebrtc\release\obj\libwebrtc\data_size.obj
d:\work\cmedia_server\webrtc_google\lib\mediasoup-demo\server\node_modules\mediasoup\worker\deps\libwebrtc\release\obj\libwebrtc\data_rate.obj
d:\work\cmedia_server\webrtc_google\lib\mediasoup-demo\server\node_modules\mediasoup\worker\deps\libwebrtc\release\obj\libwebrtc\time_delta.obj
d:\work\cmedia_server\webrtc_google\lib\mediasoup-demo\server\node_modules\mediasoup\worker\deps\libwebrtc\release\obj\libwebrtc\timestamp.obj
d:\work\cmedia_server\webrtc_google\lib\mediasoup-demo\server\node_modules\mediasoup\worker\deps\libwebrtc\release\obj\libwebrtc\goog_cc_factory.obj
d:\work\cmedia_server\webrtc_google\lib\mediasoup-demo\server\node_modules\mediasoup\worker\deps\libwebrtc\release\obj\libwebrtc\network_types.obj
d:\work\cmedia_server\webrtc_google\lib\mediasoup-demo\server\node_modules\mediasoup\worker\deps\libwebrtc\release\obj\libwebrtc\field_trial_based_config.obj
d:\work\cmedia_server\webrtc_google\lib\mediasoup-demo\server\node_modules\mediasoup\worker\deps\libwebrtc\release\obj\libwebrtc\bitrate_settings.obj
d:\work\cmedia_server\webrtc_google\lib\mediasoup-demo\server\node_modules\mediasoup\worker\deps\libwebrtc\release\obj\libwebrtc\rtp_transport_controller_send.obj
d:\work\cmedia_server\webrtc_google\lib\mediasoup-demo\server\node_modules\mediasoup\worker\deps\libwebrtc\release\obj\libwebrtc\sent_packet.obj
d:\work\cmedia_server\webrtc_google\lib\mediasoup-demo\server\node_modules\mediasoup\worker\deps\libwebrtc\release\obj\libwebrtc\rate_control_settings.obj
d:\work\cmedia_server\webrtc_google\lib\mediasoup-demo\server\node_modules\mediasoup\worker\deps\libwebrtc\release\obj\libwebrtc\field_trial_units.obj
d:\work\cmedia_server\webrtc_google\lib\mediasoup-demo\server\node_modules\mediasoup\worker\deps\libwebrtc\release\obj\libwebrtc\alr_experiment.obj
d:\work\cmedia_server\webrtc_google\lib\mediasoup-demo\server\node_modules\mediasoup\worker\deps\libwebrtc\release\obj\libwebrtc\field_trial_parser.obj
d:\work\cmedia_server\webrtc_google\lib\mediasoup-demo\server\node_modules\mediasoup\worker\deps\libwebrtc\release\obj\libwebrtc\rate_statistics.obj
d:\work\cmedia_server\webrtc_google\lib\mediasoup-demo\server\node_modules\mediasoup\worker\deps\libwebrtc\release\obj\libwebrtc\field_trial.obj
d:\work\cmedia_server\webrtc_google\lib\mediasoup-demo\server\node_modules\mediasoup\worker\deps\libwebrtc\release\obj\libwebrtc\delay_based_bwe.obj
d:\work\cmedia_server\webrtc_google\lib\mediasoup-demo\server\node_modules\mediasoup\worker\deps\libwebrtc\release\obj\libwebrtc\trendline_estimator.obj
d:\work\cmedia_server\webrtc_google\lib\mediasoup-demo\server\node_modules\mediasoup\worker\deps\libwebrtc\release\obj\libwebrtc\bitrate_estimator.obj
d:\work\cmedia_server\webrtc_google\lib\mediasoup-demo\server\node_modules\mediasoup\worker\deps\libwebrtc\release\obj\libwebrtc\median_slope_estimator.obj
d:\work\cmedia_server\webrtc_google\lib\mediasoup-demo\server\node_modules\mediasoup\worker\deps\libwebrtc\release\obj\libwebrtc\probe_controller.obj
d:\work\cmedia_server\webrtc_google\lib\mediasoup-demo\server\node_modules\mediasoup\worker\deps\libwebrtc\release\obj\libwebrtc\alr_detector.obj
d:\work\cmedia_server\webrtc_google\lib\mediasoup-demo\server\node_modules\mediasoup\worker\deps\libwebrtc\release\obj\libwebrtc\link_capacity_estimator.obj
d:\work\cmedia_server\webrtc_google\lib\mediasoup-demo\server\node_modules\mediasoup\worker\deps\libwebrtc\release\obj\libwebrtc\congestion_window_pushback_controller.obj
d:\work\cmedia_server\webrtc_google\lib\mediasoup-demo\server\node_modules\mediasoup\worker\deps\libwebrtc\release\obj\libwebrtc\probe_bitrate_estimator.obj
d:\work\cmedia_server\webrtc_google\lib\mediasoup-demo\server\node_modules\mediasoup\worker\deps\libwebrtc\release\obj\libwebrtc\goog_cc_network_control.obj
d:\work\cmedia_server\webrtc_google\lib\mediasoup-demo\server\node_modules\mediasoup\worker\deps\libwebrtc\release\obj\libwebrtc\loss_based_bandwidth_estimation.obj
d:\work\cmedia_server\webrtc_google\lib\mediasoup-demo\server\node_modules\mediasoup\worker\deps\libwebrtc\release\obj\libwebrtc\send_side_bandwidth_estimation.obj
d:\work\cmedia_server\webrtc_google\lib\mediasoup-demo\server\node_modules\mediasoup\worker\deps\libwebrtc\release\obj\libwebrtc\rtp_rtcp_defines.obj
d:\work\cmedia_server\webrtc_google\lib\mediasoup-demo\server\node_modules\mediasoup\worker\deps\libwebrtc\release\obj\libwebrtc\remote_bitrate_estimator_abs_send_time.obj
d:\work\cmedia_server\webrtc_google\lib\mediasoup-demo\server\node_modules\mediasoup\worker\deps\libwebrtc\release\obj\libwebrtc\bwe_defines.obj
d:\work\cmedia_server\webrtc_google\lib\mediasoup-demo\server\node_modules\mediasoup\worker\deps\libwebrtc\release\obj\libwebrtc\inter_arrival.obj
d:\work\cmedia_server\webrtc_google\lib\mediasoup-demo\server\node_modules\mediasoup\worker\deps\libwebrtc\release\obj\libwebrtc\aimd_rate_control.obj
d:\work\cmedia_server\webrtc_google\lib\mediasoup-demo\server\node_modules\mediasoup\worker\deps\libwebrtc\release\obj\libwebrtc\overuse_estimator.obj
d:\work\cmedia_server\webrtc_google\lib\mediasoup-demo\server\node_modules\mediasoup\worker\deps\libwebrtc\release\obj\libwebrtc\overuse_detector.obj
d:\work\cmedia_server\webrtc_google\lib\mediasoup-demo\server\node_modules\mediasoup\worker\deps\libwebrtc\release\obj\libwebrtc\paced_sender.obj
d:\work\cmedia_server\webrtc_google\lib\mediasoup-demo\server\node_modules\mediasoup\worker\deps\libwebrtc\release\obj\libwebrtc\control_handler.obj
d:\work\cmedia_server\webrtc_google\lib\mediasoup-demo\server\node_modules\mediasoup\worker\deps\libwebrtc\release\obj\libwebrtc\transport_feedback_adapter.obj
d:\work\cmedia_server\webrtc_google\lib\mediasoup-demo\server\node_modules\mediasoup\worker\deps\libwebrtc\release\obj\libwebrtc\send_time_history.obj
d:\work\cmedia_server\webrtc_google\lib\mediasoup-demo\server\node_modules\mediasoup\worker\deps\libwebrtc\release\obj\libwebrtc\acknowledged_bitrate_estimator.obj
d:\work\cmedia_server\webrtc_google\lib\mediasoup-demo\server\node_modules\mediasoup\worker\release\lib\libwebrtc.lib
d:\work\cmedia_server\webrtc_google\lib\mediasoup-demo\server\node_modules\mediasoup\worker\deps\libwebrtc\release\obj\libwebrtc\libwebrtc.tlog\cl.command.1.tlog
d:\work\cmedia_server\webrtc_google\lib\mediasoup-demo\server\node_modules\mediasoup\worker\deps\libwebrtc\release\obj\libwebrtc\libwebrtc.tlog\cl.read.1.tlog
d:\work\cmedia_server\webrtc_google\lib\mediasoup-demo\server\node_modules\mediasoup\worker\deps\libwebrtc\release\obj\libwebrtc\libwebrtc.tlog\cl.write.1.tlog
d:\work\cmedia_server\webrtc_google\lib\mediasoup-demo\server\node_modules\mediasoup\worker\deps\libwebrtc\release\obj\libwebrtc\libwebrtc.tlog\lib-link.read.1.tlog
d:\work\cmedia_server\webrtc_google\lib\mediasoup-demo\server\node_modules\mediasoup\worker\deps\libwebrtc\release\obj\libwebrtc\libwebrtc.tlog\lib-link.write.1.tlog
d:\work\cmedia_server\webrtc_google\lib\mediasoup-demo\server\node_modules\mediasoup\worker\deps\libwebrtc\release\obj\libwebrtc\libwebrtc.tlog\lib.command.1.tlog
