d:\work\cmedia_server\webrtc_google\lib\mediasoup-demo\server\node_modules\mediasoup\worker\deps\libuv\release\obj\libuv\libuv.pdb
d:\work\cmedia_server\webrtc_google\lib\mediasoup-demo\server\node_modules\mediasoup\worker\deps\libuv\release\obj\libuv\handle.obj
d:\work\cmedia_server\webrtc_google\lib\mediasoup-demo\server\node_modules\mediasoup\worker\deps\libuv\release\obj\libuv\getnameinfo.obj
d:\work\cmedia_server\webrtc_google\lib\mediasoup-demo\server\node_modules\mediasoup\worker\deps\libuv\release\obj\libuv\getaddrinfo.obj
d:\work\cmedia_server\webrtc_google\lib\mediasoup-demo\server\node_modules\mediasoup\worker\deps\libuv\release\obj\libuv\fs-event.obj
d:\work\cmedia_server\webrtc_google\lib\mediasoup-demo\server\node_modules\mediasoup\worker\deps\libuv\release\obj\libuv\fs.obj
d:\work\cmedia_server\webrtc_google\lib\mediasoup-demo\server\node_modules\mediasoup\worker\deps\libuv\release\obj\libuv\error.obj
d:\work\cmedia_server\webrtc_google\lib\mediasoup-demo\server\node_modules\mediasoup\worker\deps\libuv\release\obj\libuv\dl.obj
d:\work\cmedia_server\webrtc_google\lib\mediasoup-demo\server\node_modules\mediasoup\worker\deps\libuv\release\obj\libuv\detect-wakeup.obj
d:\work\cmedia_server\webrtc_google\lib\mediasoup-demo\server\node_modules\mediasoup\worker\deps\libuv\release\obj\libuv\core.obj
d:\work\cmedia_server\webrtc_google\lib\mediasoup-demo\server\node_modules\mediasoup\worker\deps\libuv\release\obj\libuv\async.obj
d:\work\cmedia_server\webrtc_google\lib\mediasoup-demo\server\node_modules\mediasoup\worker\deps\libuv\release\obj\libuv\version.obj
d:\work\cmedia_server\webrtc_google\lib\mediasoup-demo\server\node_modules\mediasoup\worker\deps\libuv\release\obj\libuv\uv-common.obj
d:\work\cmedia_server\webrtc_google\lib\mediasoup-demo\server\node_modules\mediasoup\worker\deps\libuv\release\obj\libuv\uv-data-getter-setters.obj
d:\work\cmedia_server\webrtc_google\lib\mediasoup-demo\server\node_modules\mediasoup\worker\deps\libuv\release\obj\libuv\timer.obj
d:\work\cmedia_server\webrtc_google\lib\mediasoup-demo\server\node_modules\mediasoup\worker\deps\libuv\release\obj\libuv\threadpool.obj
d:\work\cmedia_server\webrtc_google\lib\mediasoup-demo\server\node_modules\mediasoup\worker\deps\libuv\release\obj\libuv\strscpy.obj
d:\work\cmedia_server\webrtc_google\lib\mediasoup-demo\server\node_modules\mediasoup\worker\deps\libuv\release\obj\libuv\random.obj
d:\work\cmedia_server\webrtc_google\lib\mediasoup-demo\server\node_modules\mediasoup\worker\deps\libuv\release\obj\libuv\inet.obj
d:\work\cmedia_server\webrtc_google\lib\mediasoup-demo\server\node_modules\mediasoup\worker\deps\libuv\release\obj\libuv\idna.obj
d:\work\cmedia_server\webrtc_google\lib\mediasoup-demo\server\node_modules\mediasoup\worker\deps\libuv\release\obj\libuv\fs-poll.obj
d:\work\cmedia_server\webrtc_google\lib\mediasoup-demo\server\node_modules\mediasoup\worker\deps\libuv\release\obj\libuv\winsock.obj
d:\work\cmedia_server\webrtc_google\lib\mediasoup-demo\server\node_modules\mediasoup\worker\deps\libuv\release\obj\libuv\winapi.obj
d:\work\cmedia_server\webrtc_google\lib\mediasoup-demo\server\node_modules\mediasoup\worker\deps\libuv\release\obj\libuv\util.obj
d:\work\cmedia_server\webrtc_google\lib\mediasoup-demo\server\node_modules\mediasoup\worker\deps\libuv\release\obj\libuv\udp.obj
d:\work\cmedia_server\webrtc_google\lib\mediasoup-demo\server\node_modules\mediasoup\worker\deps\libuv\release\obj\libuv\tty.obj
d:\work\cmedia_server\webrtc_google\lib\mediasoup-demo\server\node_modules\mediasoup\worker\deps\libuv\release\obj\libuv\tcp.obj
d:\work\cmedia_server\webrtc_google\lib\mediasoup-demo\server\node_modules\mediasoup\worker\deps\libuv\release\obj\libuv\stream.obj
d:\work\cmedia_server\webrtc_google\lib\mediasoup-demo\server\node_modules\mediasoup\worker\deps\libuv\release\obj\libuv\snprintf.obj
d:\work\cmedia_server\webrtc_google\lib\mediasoup-demo\server\node_modules\mediasoup\worker\deps\libuv\release\obj\libuv\signal.obj
d:\work\cmedia_server\webrtc_google\lib\mediasoup-demo\server\node_modules\mediasoup\worker\deps\libuv\release\obj\libuv\process-stdio.obj
d:\work\cmedia_server\webrtc_google\lib\mediasoup-demo\server\node_modules\mediasoup\worker\deps\libuv\release\obj\libuv\process.obj
d:\work\cmedia_server\webrtc_google\lib\mediasoup-demo\server\node_modules\mediasoup\worker\deps\libuv\release\obj\libuv\poll.obj
d:\work\cmedia_server\webrtc_google\lib\mediasoup-demo\server\node_modules\mediasoup\worker\deps\libuv\release\obj\libuv\thread.obj
d:\work\cmedia_server\webrtc_google\lib\mediasoup-demo\server\node_modules\mediasoup\worker\deps\libuv\release\obj\libuv\pipe.obj
d:\work\cmedia_server\webrtc_google\lib\mediasoup-demo\server\node_modules\mediasoup\worker\deps\libuv\release\obj\libuv\loop-watcher.obj
d:\work\cmedia_server\webrtc_google\lib\mediasoup-demo\server\node_modules\mediasoup\worker\release\lib\libuv.lib
d:\work\cmedia_server\webrtc_google\lib\mediasoup-demo\server\node_modules\mediasoup\worker\deps\libuv\release\obj\libuv\libuv.tlog\cl.command.1.tlog
d:\work\cmedia_server\webrtc_google\lib\mediasoup-demo\server\node_modules\mediasoup\worker\deps\libuv\release\obj\libuv\libuv.tlog\cl.read.1.tlog
d:\work\cmedia_server\webrtc_google\lib\mediasoup-demo\server\node_modules\mediasoup\worker\deps\libuv\release\obj\libuv\libuv.tlog\cl.write.1.tlog
d:\work\cmedia_server\webrtc_google\lib\mediasoup-demo\server\node_modules\mediasoup\worker\deps\libuv\release\obj\libuv\libuv.tlog\lib-link.read.1.tlog
d:\work\cmedia_server\webrtc_google\lib\mediasoup-demo\server\node_modules\mediasoup\worker\deps\libuv\release\obj\libuv\libuv.tlog\lib-link.write.1.tlog
d:\work\cmedia_server\webrtc_google\lib\mediasoup-demo\server\node_modules\mediasoup\worker\deps\libuv\release\obj\libuv\libuv.tlog\lib.command.1.tlog
