  match.cc
  charconv_bigint.cc
  charconv_parse.cc
  arg.cc
  float_conversion.cc
  output.cc
  bind.cc
  parser.cc
  extension.cc
  memutil.cc
  ostringstream.cc
  pow10_helper.cc
  utf8.cc
  string_view.cc
  str_cat.cc
  ascii.cc
  numbers.cc
  charconv.cc
  str_split.cc
  substitute.cc
  正在生成代码...
  正在编译...
  escaping.cc
  str_replace.cc
  bad_any_cast.cc
  bad_optional_access.cc
  bad_variant_access.cc
  optional.cc
  blocking_counter.cc
  mutex.cc
  per_thread_sem.cc
  create_thread_identity.cc
  waiter.cc
  graphcycles.cc
  barrier.cc
  notification.cc
  hash.cc
  city.cc
  symbolize.cc
  failure_signal_handler.cc
  leak_check_disable.cc
  examine_stack.cc
  正在生成代码...
  正在编译...
  vdso_support.cc
  stack_consumption.cc
  address_is_readable.cc
  elf_mem_image.cc
  demangle.cc
  leak_check.cc
  stacktrace.cc
  time_zone_format.cc
  time_zone_impl.cc
  time_zone_lookup.cc
  time_zone_info.cc
  time_zone_if.cc
  time_zone_fixed.cc
  zone_info_source.cc
  time_zone_libc.cc
  civil_time_detail.cc
  time_zone_posix.cc
  clock.cc
  duration.cc
  civil_time.cc
  正在生成代码...
  正在编译...
  format.cc
  time.cc
  hashtablez_force_sampling.cc
  raw_hash_set.cc
  hashtablez_sampler_force_weak_definition.cc
  hashtablez_sampler.cc
  int128.cc
  spinlock_wait.cc
  cycleclock.cc
  spinlock.cc
  unscaledcycleclock.cc
  sysinfo.cc
  raw_logging.cc
  throw_delegate.cc
  thread_identity.cc
  low_level_alloc.cc
  dynamic_annotations.cc
  正在生成代码...
hashtablez_force_sampling.obj : warning LNK4006: _kAbslContainerInternalSampleEverything 已在 hashtablez_sampler_force_weak_definition.obj 中定义；已忽略第二个定义
hashtablez_force_sampling.obj : warning LNK4221: 此对象文件未定义任何之前未定义的公共符号，因此任何耗用此库的链接操作都不会使用此文件
  abseil.vcxproj -> F:\Work\mediasoup-demo\mediasoup-demo\server\node_modules\mediasoup\worker\Release\lib\abseil.lib
