d:\work\cmedia_server\webrtc_google\lib\mediasoup-demo\server\node_modules\mediasoup\worker\deps\libwebrtc\deps\abseil-cpp\release\obj\abseil\abseil.pdb
d:\work\cmedia_server\webrtc_google\lib\mediasoup-demo\server\node_modules\mediasoup\worker\deps\libwebrtc\deps\abseil-cpp\release\obj\abseil\substitute.obj
d:\work\cmedia_server\webrtc_google\lib\mediasoup-demo\server\node_modules\mediasoup\worker\deps\libwebrtc\deps\abseil-cpp\release\obj\abseil\str_split.obj
d:\work\cmedia_server\webrtc_google\lib\mediasoup-demo\server\node_modules\mediasoup\worker\deps\libwebrtc\deps\abseil-cpp\release\obj\abseil\charconv.obj
d:\work\cmedia_server\webrtc_google\lib\mediasoup-demo\server\node_modules\mediasoup\worker\deps\libwebrtc\deps\abseil-cpp\release\obj\abseil\numbers.obj
d:\work\cmedia_server\webrtc_google\lib\mediasoup-demo\server\node_modules\mediasoup\worker\deps\libwebrtc\deps\abseil-cpp\release\obj\abseil\ascii.obj
d:\work\cmedia_server\webrtc_google\lib\mediasoup-demo\server\node_modules\mediasoup\worker\deps\libwebrtc\deps\abseil-cpp\release\obj\abseil\str_cat.obj
d:\work\cmedia_server\webrtc_google\lib\mediasoup-demo\server\node_modules\mediasoup\worker\deps\libwebrtc\deps\abseil-cpp\release\obj\abseil\string_view.obj
d:\work\cmedia_server\webrtc_google\lib\mediasoup-demo\server\node_modules\mediasoup\worker\deps\libwebrtc\deps\abseil-cpp\release\obj\abseil\utf8.obj
d:\work\cmedia_server\webrtc_google\lib\mediasoup-demo\server\node_modules\mediasoup\worker\deps\libwebrtc\deps\abseil-cpp\release\obj\abseil\pow10_helper.obj
d:\work\cmedia_server\webrtc_google\lib\mediasoup-demo\server\node_modules\mediasoup\worker\deps\libwebrtc\deps\abseil-cpp\release\obj\abseil\ostringstream.obj
d:\work\cmedia_server\webrtc_google\lib\mediasoup-demo\server\node_modules\mediasoup\worker\deps\libwebrtc\deps\abseil-cpp\release\obj\abseil\memutil.obj
d:\work\cmedia_server\webrtc_google\lib\mediasoup-demo\server\node_modules\mediasoup\worker\deps\libwebrtc\deps\abseil-cpp\release\obj\abseil\extension.obj
d:\work\cmedia_server\webrtc_google\lib\mediasoup-demo\server\node_modules\mediasoup\worker\deps\libwebrtc\deps\abseil-cpp\release\obj\abseil\parser.obj
d:\work\cmedia_server\webrtc_google\lib\mediasoup-demo\server\node_modules\mediasoup\worker\deps\libwebrtc\deps\abseil-cpp\release\obj\abseil\bind.obj
d:\work\cmedia_server\webrtc_google\lib\mediasoup-demo\server\node_modules\mediasoup\worker\deps\libwebrtc\deps\abseil-cpp\release\obj\abseil\output.obj
d:\work\cmedia_server\webrtc_google\lib\mediasoup-demo\server\node_modules\mediasoup\worker\deps\libwebrtc\deps\abseil-cpp\release\obj\abseil\float_conversion.obj
d:\work\cmedia_server\webrtc_google\lib\mediasoup-demo\server\node_modules\mediasoup\worker\deps\libwebrtc\deps\abseil-cpp\release\obj\abseil\arg.obj
d:\work\cmedia_server\webrtc_google\lib\mediasoup-demo\server\node_modules\mediasoup\worker\deps\libwebrtc\deps\abseil-cpp\release\obj\abseil\charconv_parse.obj
d:\work\cmedia_server\webrtc_google\lib\mediasoup-demo\server\node_modules\mediasoup\worker\deps\libwebrtc\deps\abseil-cpp\release\obj\abseil\charconv_bigint.obj
d:\work\cmedia_server\webrtc_google\lib\mediasoup-demo\server\node_modules\mediasoup\worker\deps\libwebrtc\deps\abseil-cpp\release\obj\abseil\match.obj
d:\work\cmedia_server\webrtc_google\lib\mediasoup-demo\server\node_modules\mediasoup\worker\deps\libwebrtc\deps\abseil-cpp\release\obj\abseil\examine_stack.obj
d:\work\cmedia_server\webrtc_google\lib\mediasoup-demo\server\node_modules\mediasoup\worker\deps\libwebrtc\deps\abseil-cpp\release\obj\abseil\leak_check_disable.obj
d:\work\cmedia_server\webrtc_google\lib\mediasoup-demo\server\node_modules\mediasoup\worker\deps\libwebrtc\deps\abseil-cpp\release\obj\abseil\failure_signal_handler.obj
d:\work\cmedia_server\webrtc_google\lib\mediasoup-demo\server\node_modules\mediasoup\worker\deps\libwebrtc\deps\abseil-cpp\release\obj\abseil\symbolize.obj
d:\work\cmedia_server\webrtc_google\lib\mediasoup-demo\server\node_modules\mediasoup\worker\deps\libwebrtc\deps\abseil-cpp\release\obj\abseil\city.obj
d:\work\cmedia_server\webrtc_google\lib\mediasoup-demo\server\node_modules\mediasoup\worker\deps\libwebrtc\deps\abseil-cpp\release\obj\abseil\hash.obj
d:\work\cmedia_server\webrtc_google\lib\mediasoup-demo\server\node_modules\mediasoup\worker\deps\libwebrtc\deps\abseil-cpp\release\obj\abseil\notification.obj
d:\work\cmedia_server\webrtc_google\lib\mediasoup-demo\server\node_modules\mediasoup\worker\deps\libwebrtc\deps\abseil-cpp\release\obj\abseil\barrier.obj
d:\work\cmedia_server\webrtc_google\lib\mediasoup-demo\server\node_modules\mediasoup\worker\deps\libwebrtc\deps\abseil-cpp\release\obj\abseil\graphcycles.obj
d:\work\cmedia_server\webrtc_google\lib\mediasoup-demo\server\node_modules\mediasoup\worker\deps\libwebrtc\deps\abseil-cpp\release\obj\abseil\waiter.obj
d:\work\cmedia_server\webrtc_google\lib\mediasoup-demo\server\node_modules\mediasoup\worker\deps\libwebrtc\deps\abseil-cpp\release\obj\abseil\create_thread_identity.obj
d:\work\cmedia_server\webrtc_google\lib\mediasoup-demo\server\node_modules\mediasoup\worker\deps\libwebrtc\deps\abseil-cpp\release\obj\abseil\per_thread_sem.obj
d:\work\cmedia_server\webrtc_google\lib\mediasoup-demo\server\node_modules\mediasoup\worker\deps\libwebrtc\deps\abseil-cpp\release\obj\abseil\mutex.obj
d:\work\cmedia_server\webrtc_google\lib\mediasoup-demo\server\node_modules\mediasoup\worker\deps\libwebrtc\deps\abseil-cpp\release\obj\abseil\blocking_counter.obj
d:\work\cmedia_server\webrtc_google\lib\mediasoup-demo\server\node_modules\mediasoup\worker\deps\libwebrtc\deps\abseil-cpp\release\obj\abseil\optional.obj
d:\work\cmedia_server\webrtc_google\lib\mediasoup-demo\server\node_modules\mediasoup\worker\deps\libwebrtc\deps\abseil-cpp\release\obj\abseil\bad_variant_access.obj
d:\work\cmedia_server\webrtc_google\lib\mediasoup-demo\server\node_modules\mediasoup\worker\deps\libwebrtc\deps\abseil-cpp\release\obj\abseil\bad_optional_access.obj
d:\work\cmedia_server\webrtc_google\lib\mediasoup-demo\server\node_modules\mediasoup\worker\deps\libwebrtc\deps\abseil-cpp\release\obj\abseil\bad_any_cast.obj
d:\work\cmedia_server\webrtc_google\lib\mediasoup-demo\server\node_modules\mediasoup\worker\deps\libwebrtc\deps\abseil-cpp\release\obj\abseil\str_replace.obj
d:\work\cmedia_server\webrtc_google\lib\mediasoup-demo\server\node_modules\mediasoup\worker\deps\libwebrtc\deps\abseil-cpp\release\obj\abseil\escaping.obj
d:\work\cmedia_server\webrtc_google\lib\mediasoup-demo\server\node_modules\mediasoup\worker\deps\libwebrtc\deps\abseil-cpp\release\obj\abseil\civil_time.obj
d:\work\cmedia_server\webrtc_google\lib\mediasoup-demo\server\node_modules\mediasoup\worker\deps\libwebrtc\deps\abseil-cpp\release\obj\abseil\duration.obj
d:\work\cmedia_server\webrtc_google\lib\mediasoup-demo\server\node_modules\mediasoup\worker\deps\libwebrtc\deps\abseil-cpp\release\obj\abseil\clock.obj
d:\work\cmedia_server\webrtc_google\lib\mediasoup-demo\server\node_modules\mediasoup\worker\deps\libwebrtc\deps\abseil-cpp\release\obj\abseil\time_zone_posix.obj
d:\work\cmedia_server\webrtc_google\lib\mediasoup-demo\server\node_modules\mediasoup\worker\deps\libwebrtc\deps\abseil-cpp\release\obj\abseil\civil_time_detail.obj
d:\work\cmedia_server\webrtc_google\lib\mediasoup-demo\server\node_modules\mediasoup\worker\deps\libwebrtc\deps\abseil-cpp\release\obj\abseil\time_zone_libc.obj
d:\work\cmedia_server\webrtc_google\lib\mediasoup-demo\server\node_modules\mediasoup\worker\deps\libwebrtc\deps\abseil-cpp\release\obj\abseil\zone_info_source.obj
d:\work\cmedia_server\webrtc_google\lib\mediasoup-demo\server\node_modules\mediasoup\worker\deps\libwebrtc\deps\abseil-cpp\release\obj\abseil\time_zone_fixed.obj
d:\work\cmedia_server\webrtc_google\lib\mediasoup-demo\server\node_modules\mediasoup\worker\deps\libwebrtc\deps\abseil-cpp\release\obj\abseil\time_zone_if.obj
d:\work\cmedia_server\webrtc_google\lib\mediasoup-demo\server\node_modules\mediasoup\worker\deps\libwebrtc\deps\abseil-cpp\release\obj\abseil\time_zone_info.obj
d:\work\cmedia_server\webrtc_google\lib\mediasoup-demo\server\node_modules\mediasoup\worker\deps\libwebrtc\deps\abseil-cpp\release\obj\abseil\time_zone_lookup.obj
d:\work\cmedia_server\webrtc_google\lib\mediasoup-demo\server\node_modules\mediasoup\worker\deps\libwebrtc\deps\abseil-cpp\release\obj\abseil\time_zone_impl.obj
d:\work\cmedia_server\webrtc_google\lib\mediasoup-demo\server\node_modules\mediasoup\worker\deps\libwebrtc\deps\abseil-cpp\release\obj\abseil\time_zone_format.obj
d:\work\cmedia_server\webrtc_google\lib\mediasoup-demo\server\node_modules\mediasoup\worker\deps\libwebrtc\deps\abseil-cpp\release\obj\abseil\stacktrace.obj
d:\work\cmedia_server\webrtc_google\lib\mediasoup-demo\server\node_modules\mediasoup\worker\deps\libwebrtc\deps\abseil-cpp\release\obj\abseil\leak_check.obj
d:\work\cmedia_server\webrtc_google\lib\mediasoup-demo\server\node_modules\mediasoup\worker\deps\libwebrtc\deps\abseil-cpp\release\obj\abseil\demangle.obj
d:\work\cmedia_server\webrtc_google\lib\mediasoup-demo\server\node_modules\mediasoup\worker\deps\libwebrtc\deps\abseil-cpp\release\obj\abseil\elf_mem_image.obj
d:\work\cmedia_server\webrtc_google\lib\mediasoup-demo\server\node_modules\mediasoup\worker\deps\libwebrtc\deps\abseil-cpp\release\obj\abseil\address_is_readable.obj
d:\work\cmedia_server\webrtc_google\lib\mediasoup-demo\server\node_modules\mediasoup\worker\deps\libwebrtc\deps\abseil-cpp\release\obj\abseil\stack_consumption.obj
d:\work\cmedia_server\webrtc_google\lib\mediasoup-demo\server\node_modules\mediasoup\worker\deps\libwebrtc\deps\abseil-cpp\release\obj\abseil\vdso_support.obj
d:\work\cmedia_server\webrtc_google\lib\mediasoup-demo\server\node_modules\mediasoup\worker\deps\libwebrtc\deps\abseil-cpp\release\obj\abseil\dynamic_annotations.obj
d:\work\cmedia_server\webrtc_google\lib\mediasoup-demo\server\node_modules\mediasoup\worker\deps\libwebrtc\deps\abseil-cpp\release\obj\abseil\low_level_alloc.obj
d:\work\cmedia_server\webrtc_google\lib\mediasoup-demo\server\node_modules\mediasoup\worker\deps\libwebrtc\deps\abseil-cpp\release\obj\abseil\thread_identity.obj
d:\work\cmedia_server\webrtc_google\lib\mediasoup-demo\server\node_modules\mediasoup\worker\deps\libwebrtc\deps\abseil-cpp\release\obj\abseil\throw_delegate.obj
d:\work\cmedia_server\webrtc_google\lib\mediasoup-demo\server\node_modules\mediasoup\worker\deps\libwebrtc\deps\abseil-cpp\release\obj\abseil\raw_logging.obj
d:\work\cmedia_server\webrtc_google\lib\mediasoup-demo\server\node_modules\mediasoup\worker\deps\libwebrtc\deps\abseil-cpp\release\obj\abseil\sysinfo.obj
d:\work\cmedia_server\webrtc_google\lib\mediasoup-demo\server\node_modules\mediasoup\worker\deps\libwebrtc\deps\abseil-cpp\release\obj\abseil\unscaledcycleclock.obj
d:\work\cmedia_server\webrtc_google\lib\mediasoup-demo\server\node_modules\mediasoup\worker\deps\libwebrtc\deps\abseil-cpp\release\obj\abseil\spinlock.obj
d:\work\cmedia_server\webrtc_google\lib\mediasoup-demo\server\node_modules\mediasoup\worker\deps\libwebrtc\deps\abseil-cpp\release\obj\abseil\cycleclock.obj
d:\work\cmedia_server\webrtc_google\lib\mediasoup-demo\server\node_modules\mediasoup\worker\deps\libwebrtc\deps\abseil-cpp\release\obj\abseil\spinlock_wait.obj
d:\work\cmedia_server\webrtc_google\lib\mediasoup-demo\server\node_modules\mediasoup\worker\deps\libwebrtc\deps\abseil-cpp\release\obj\abseil\int128.obj
d:\work\cmedia_server\webrtc_google\lib\mediasoup-demo\server\node_modules\mediasoup\worker\deps\libwebrtc\deps\abseil-cpp\release\obj\abseil\hashtablez_sampler.obj
d:\work\cmedia_server\webrtc_google\lib\mediasoup-demo\server\node_modules\mediasoup\worker\deps\libwebrtc\deps\abseil-cpp\release\obj\abseil\hashtablez_sampler_force_weak_definition.obj
d:\work\cmedia_server\webrtc_google\lib\mediasoup-demo\server\node_modules\mediasoup\worker\deps\libwebrtc\deps\abseil-cpp\release\obj\abseil\raw_hash_set.obj
d:\work\cmedia_server\webrtc_google\lib\mediasoup-demo\server\node_modules\mediasoup\worker\deps\libwebrtc\deps\abseil-cpp\release\obj\abseil\hashtablez_force_sampling.obj
d:\work\cmedia_server\webrtc_google\lib\mediasoup-demo\server\node_modules\mediasoup\worker\deps\libwebrtc\deps\abseil-cpp\release\obj\abseil\time.obj
d:\work\cmedia_server\webrtc_google\lib\mediasoup-demo\server\node_modules\mediasoup\worker\deps\libwebrtc\deps\abseil-cpp\release\obj\abseil\format.obj
d:\work\cmedia_server\webrtc_google\lib\mediasoup-demo\server\node_modules\mediasoup\worker\release\lib\abseil.lib
d:\work\cmedia_server\webrtc_google\lib\mediasoup-demo\server\node_modules\mediasoup\worker\deps\libwebrtc\deps\abseil-cpp\release\obj\abseil\abseil.tlog\cl.command.1.tlog
d:\work\cmedia_server\webrtc_google\lib\mediasoup-demo\server\node_modules\mediasoup\worker\deps\libwebrtc\deps\abseil-cpp\release\obj\abseil\abseil.tlog\cl.read.1.tlog
d:\work\cmedia_server\webrtc_google\lib\mediasoup-demo\server\node_modules\mediasoup\worker\deps\libwebrtc\deps\abseil-cpp\release\obj\abseil\abseil.tlog\cl.write.1.tlog
d:\work\cmedia_server\webrtc_google\lib\mediasoup-demo\server\node_modules\mediasoup\worker\deps\libwebrtc\deps\abseil-cpp\release\obj\abseil\abseil.tlog\lib-link.read.1.tlog
d:\work\cmedia_server\webrtc_google\lib\mediasoup-demo\server\node_modules\mediasoup\worker\deps\libwebrtc\deps\abseil-cpp\release\obj\abseil\abseil.tlog\lib-link.write.1.tlog
d:\work\cmedia_server\webrtc_google\lib\mediasoup-demo\server\node_modules\mediasoup\worker\deps\libwebrtc\deps\abseil-cpp\release\obj\abseil\abseil.tlog\lib.command.1.tlog
