d:\work\cmedia_server\webrtc_google\lib\mediasoup-demo\server\node_modules\mediasoup\worker\deps\openssl\release\obj\openssl\openssl.pdb
d:\work\cmedia_server\webrtc_google\lib\mediasoup-demo\server\node_modules\mediasoup\worker\deps\openssl\release\obj\openssl\ssl_ciph.obj
d:\work\cmedia_server\webrtc_google\lib\mediasoup-demo\server\node_modules\mediasoup\worker\deps\openssl\release\obj\openssl\ssl_cert.obj
d:\work\cmedia_server\webrtc_google\lib\mediasoup-demo\server\node_modules\mediasoup\worker\deps\openssl\release\obj\openssl\ssl_asn1.obj
d:\work\cmedia_server\webrtc_google\lib\mediasoup-demo\server\node_modules\mediasoup\worker\deps\openssl\release\obj\openssl\s3_msg.obj
d:\work\cmedia_server\webrtc_google\lib\mediasoup-demo\server\node_modules\mediasoup\worker\deps\openssl\release\obj\openssl\s3_lib.obj
d:\work\cmedia_server\webrtc_google\lib\mediasoup-demo\server\node_modules\mediasoup\worker\deps\openssl\release\obj\openssl\s3_enc.obj
d:\work\cmedia_server\webrtc_google\lib\mediasoup-demo\server\node_modules\mediasoup\worker\deps\openssl\release\obj\openssl\s3_cbc.obj
d:\work\cmedia_server\webrtc_google\lib\mediasoup-demo\server\node_modules\mediasoup\worker\deps\openssl\release\obj\openssl\ssl3_record_tls13.obj
d:\work\cmedia_server\webrtc_google\lib\mediasoup-demo\server\node_modules\mediasoup\worker\deps\openssl\release\obj\openssl\ssl3_record.obj
d:\work\cmedia_server\webrtc_google\lib\mediasoup-demo\server\node_modules\mediasoup\worker\deps\openssl\release\obj\openssl\ssl3_buffer.obj
d:\work\cmedia_server\webrtc_google\lib\mediasoup-demo\server\node_modules\mediasoup\worker\deps\openssl\release\obj\openssl\rec_layer_s3.obj
d:\work\cmedia_server\webrtc_google\lib\mediasoup-demo\server\node_modules\mediasoup\worker\deps\openssl\release\obj\openssl\rec_layer_d1.obj
d:\work\cmedia_server\webrtc_google\lib\mediasoup-demo\server\node_modules\mediasoup\worker\deps\openssl\release\obj\openssl\dtls1_bitmap.obj
d:\work\cmedia_server\webrtc_google\lib\mediasoup-demo\server\node_modules\mediasoup\worker\deps\openssl\release\obj\openssl\pqueue.obj
d:\work\cmedia_server\webrtc_google\lib\mediasoup-demo\server\node_modules\mediasoup\worker\deps\openssl\release\obj\openssl\packet.obj
d:\work\cmedia_server\webrtc_google\lib\mediasoup-demo\server\node_modules\mediasoup\worker\deps\openssl\release\obj\openssl\methods.obj
d:\work\cmedia_server\webrtc_google\lib\mediasoup-demo\server\node_modules\mediasoup\worker\deps\openssl\release\obj\openssl\d1_srtp.obj
d:\work\cmedia_server\webrtc_google\lib\mediasoup-demo\server\node_modules\mediasoup\worker\deps\openssl\release\obj\openssl\d1_msg.obj
d:\work\cmedia_server\webrtc_google\lib\mediasoup-demo\server\node_modules\mediasoup\worker\deps\openssl\release\obj\openssl\d1_lib.obj
d:\work\cmedia_server\webrtc_google\lib\mediasoup-demo\server\node_modules\mediasoup\worker\deps\openssl\release\obj\openssl\bio_ssl.obj
d:\work\cmedia_server\webrtc_google\lib\mediasoup-demo\server\node_modules\mediasoup\worker\deps\openssl\release\obj\openssl\statem_quic.obj
d:\work\cmedia_server\webrtc_google\lib\mediasoup-demo\server\node_modules\mediasoup\worker\deps\openssl\release\obj\openssl\statem_lib.obj
d:\work\cmedia_server\webrtc_google\lib\mediasoup-demo\server\node_modules\mediasoup\worker\deps\openssl\release\obj\openssl\statem_dtls.obj
d:\work\cmedia_server\webrtc_google\lib\mediasoup-demo\server\node_modules\mediasoup\worker\deps\openssl\release\obj\openssl\statem_clnt.obj
d:\work\cmedia_server\webrtc_google\lib\mediasoup-demo\server\node_modules\mediasoup\worker\deps\openssl\release\obj\openssl\statem.obj
d:\work\cmedia_server\webrtc_google\lib\mediasoup-demo\server\node_modules\mediasoup\worker\deps\openssl\release\obj\openssl\extensions_srvr.obj
d:\work\cmedia_server\webrtc_google\lib\mediasoup-demo\server\node_modules\mediasoup\worker\deps\openssl\release\obj\openssl\extensions_cust.obj
d:\work\cmedia_server\webrtc_google\lib\mediasoup-demo\server\node_modules\mediasoup\worker\deps\openssl\release\obj\openssl\extensions_clnt.obj
d:\work\cmedia_server\webrtc_google\lib\mediasoup-demo\server\node_modules\mediasoup\worker\deps\openssl\release\obj\openssl\extensions.obj
d:\work\cmedia_server\webrtc_google\lib\mediasoup-demo\server\node_modules\mediasoup\worker\deps\openssl\release\obj\openssl\ssl_utst.obj
d:\work\cmedia_server\webrtc_google\lib\mediasoup-demo\server\node_modules\mediasoup\worker\deps\openssl\release\obj\openssl\ssl_txt.obj
d:\work\cmedia_server\webrtc_google\lib\mediasoup-demo\server\node_modules\mediasoup\worker\deps\openssl\release\obj\openssl\ssl_stat.obj
d:\work\cmedia_server\webrtc_google\lib\mediasoup-demo\server\node_modules\mediasoup\worker\deps\openssl\release\obj\openssl\ssl_sess.obj
d:\work\cmedia_server\webrtc_google\lib\mediasoup-demo\server\node_modules\mediasoup\worker\deps\openssl\release\obj\openssl\ssl_rsa.obj
d:\work\cmedia_server\webrtc_google\lib\mediasoup-demo\server\node_modules\mediasoup\worker\deps\openssl\release\obj\openssl\ssl_quic.obj
d:\work\cmedia_server\webrtc_google\lib\mediasoup-demo\server\node_modules\mediasoup\worker\deps\openssl\release\obj\openssl\ssl_mcnf.obj
d:\work\cmedia_server\webrtc_google\lib\mediasoup-demo\server\node_modules\mediasoup\worker\deps\openssl\release\obj\openssl\ssl_lib.obj
d:\work\cmedia_server\webrtc_google\lib\mediasoup-demo\server\node_modules\mediasoup\worker\deps\openssl\release\obj\openssl\ssl_init.obj
d:\work\cmedia_server\webrtc_google\lib\mediasoup-demo\server\node_modules\mediasoup\worker\deps\openssl\release\obj\openssl\ssl_err.obj
d:\work\cmedia_server\webrtc_google\lib\mediasoup-demo\server\node_modules\mediasoup\worker\deps\openssl\release\obj\openssl\ssl_conf.obj
d:\work\cmedia_server\webrtc_google\lib\mediasoup-demo\server\node_modules\mediasoup\worker\deps\openssl\release\obj\openssl\a_gentm.obj
d:\work\cmedia_server\webrtc_google\lib\mediasoup-demo\server\node_modules\mediasoup\worker\deps\openssl\release\obj\openssl\a_dup.obj
d:\work\cmedia_server\webrtc_google\lib\mediasoup-demo\server\node_modules\mediasoup\worker\deps\openssl\release\obj\openssl\a_digest.obj
d:\work\cmedia_server\webrtc_google\lib\mediasoup-demo\server\node_modules\mediasoup\worker\deps\openssl\release\obj\openssl\a_d2i_fp.obj
d:\work\cmedia_server\webrtc_google\lib\mediasoup-demo\server\node_modules\mediasoup\worker\deps\openssl\release\obj\openssl\a_bitstr.obj
d:\work\cmedia_server\webrtc_google\lib\mediasoup-demo\server\node_modules\mediasoup\worker\deps\openssl\release\obj\openssl\aria.obj
d:\work\cmedia_server\webrtc_google\lib\mediasoup-demo\server\node_modules\mediasoup\worker\deps\openssl\release\obj\openssl\aes_wrap.obj
d:\work\cmedia_server\webrtc_google\lib\mediasoup-demo\server\node_modules\mediasoup\worker\deps\openssl\release\obj\openssl\aes_ofb.obj
d:\work\cmedia_server\webrtc_google\lib\mediasoup-demo\server\node_modules\mediasoup\worker\deps\openssl\release\obj\openssl\aes_misc.obj
d:\work\cmedia_server\webrtc_google\lib\mediasoup-demo\server\node_modules\mediasoup\worker\deps\openssl\release\obj\openssl\aes_ige.obj
d:\work\cmedia_server\webrtc_google\lib\mediasoup-demo\server\node_modules\mediasoup\worker\deps\openssl\release\obj\openssl\aes_ecb.obj
d:\work\cmedia_server\webrtc_google\lib\mediasoup-demo\server\node_modules\mediasoup\worker\deps\openssl\release\obj\openssl\aes_core.obj
d:\work\cmedia_server\webrtc_google\lib\mediasoup-demo\server\node_modules\mediasoup\worker\deps\openssl\release\obj\openssl\aes_cfb.obj
d:\work\cmedia_server\webrtc_google\lib\mediasoup-demo\server\node_modules\mediasoup\worker\deps\openssl\release\obj\openssl\aes_cbc.obj
d:\work\cmedia_server\webrtc_google\lib\mediasoup-demo\server\node_modules\mediasoup\worker\deps\openssl\release\obj\openssl\tls_srp.obj
d:\work\cmedia_server\webrtc_google\lib\mediasoup-demo\server\node_modules\mediasoup\worker\deps\openssl\release\obj\openssl\tls13_enc.obj
d:\work\cmedia_server\webrtc_google\lib\mediasoup-demo\server\node_modules\mediasoup\worker\deps\openssl\release\obj\openssl\t1_trce.obj
d:\work\cmedia_server\webrtc_google\lib\mediasoup-demo\server\node_modules\mediasoup\worker\deps\openssl\release\obj\openssl\t1_lib.obj
d:\work\cmedia_server\webrtc_google\lib\mediasoup-demo\server\node_modules\mediasoup\worker\deps\openssl\release\obj\openssl\t1_enc.obj
d:\work\cmedia_server\webrtc_google\lib\mediasoup-demo\server\node_modules\mediasoup\worker\deps\openssl\release\obj\openssl\statem_srvr.obj
d:\work\cmedia_server\webrtc_google\lib\mediasoup-demo\server\node_modules\mediasoup\worker\deps\openssl\release\obj\openssl\asn1_par.obj
d:\work\cmedia_server\webrtc_google\lib\mediasoup-demo\server\node_modules\mediasoup\worker\deps\openssl\release\obj\openssl\asn1_lib.obj
d:\work\cmedia_server\webrtc_google\lib\mediasoup-demo\server\node_modules\mediasoup\worker\deps\openssl\release\obj\openssl\asn1_item_list.obj
d:\work\cmedia_server\webrtc_google\lib\mediasoup-demo\server\node_modules\mediasoup\worker\deps\openssl\release\obj\openssl\asn1_gen.obj
d:\work\cmedia_server\webrtc_google\lib\mediasoup-demo\server\node_modules\mediasoup\worker\deps\openssl\release\obj\openssl\asn1_err.obj
d:\work\cmedia_server\webrtc_google\lib\mediasoup-demo\server\node_modules\mediasoup\worker\deps\openssl\release\obj\openssl\ameth_lib.obj
d:\work\cmedia_server\webrtc_google\lib\mediasoup-demo\server\node_modules\mediasoup\worker\deps\openssl\release\obj\openssl\a_verify.obj
d:\work\cmedia_server\webrtc_google\lib\mediasoup-demo\server\node_modules\mediasoup\worker\deps\openssl\release\obj\openssl\a_utf8.obj
d:\work\cmedia_server\webrtc_google\lib\mediasoup-demo\server\node_modules\mediasoup\worker\deps\openssl\release\obj\openssl\a_utctm.obj
d:\work\cmedia_server\webrtc_google\lib\mediasoup-demo\server\node_modules\mediasoup\worker\deps\openssl\release\obj\openssl\a_type.obj
d:\work\cmedia_server\webrtc_google\lib\mediasoup-demo\server\node_modules\mediasoup\worker\deps\openssl\release\obj\openssl\a_time.obj
d:\work\cmedia_server\webrtc_google\lib\mediasoup-demo\server\node_modules\mediasoup\worker\deps\openssl\release\obj\openssl\a_strnid.obj
d:\work\cmedia_server\webrtc_google\lib\mediasoup-demo\server\node_modules\mediasoup\worker\deps\openssl\release\obj\openssl\a_strex.obj
d:\work\cmedia_server\webrtc_google\lib\mediasoup-demo\server\node_modules\mediasoup\worker\deps\openssl\release\obj\openssl\a_sign.obj
d:\work\cmedia_server\webrtc_google\lib\mediasoup-demo\server\node_modules\mediasoup\worker\deps\openssl\release\obj\openssl\a_print.obj
d:\work\cmedia_server\webrtc_google\lib\mediasoup-demo\server\node_modules\mediasoup\worker\deps\openssl\release\obj\openssl\a_octet.obj
d:\work\cmedia_server\webrtc_google\lib\mediasoup-demo\server\node_modules\mediasoup\worker\deps\openssl\release\obj\openssl\a_object.obj
d:\work\cmedia_server\webrtc_google\lib\mediasoup-demo\server\node_modules\mediasoup\worker\deps\openssl\release\obj\openssl\a_mbstr.obj
d:\work\cmedia_server\webrtc_google\lib\mediasoup-demo\server\node_modules\mediasoup\worker\deps\openssl\release\obj\openssl\a_int.obj
d:\work\cmedia_server\webrtc_google\lib\mediasoup-demo\server\node_modules\mediasoup\worker\deps\openssl\release\obj\openssl\a_i2d_fp.obj
d:\work\cmedia_server\webrtc_google\lib\mediasoup-demo\server\node_modules\mediasoup\worker\deps\openssl\release\obj\openssl\t_bitst.obj
d:\work\cmedia_server\webrtc_google\lib\mediasoup-demo\server\node_modules\mediasoup\worker\deps\openssl\release\obj\openssl\p8_pkey.obj
d:\work\cmedia_server\webrtc_google\lib\mediasoup-demo\server\node_modules\mediasoup\worker\deps\openssl\release\obj\openssl\p5_scrypt.obj
d:\work\cmedia_server\webrtc_google\lib\mediasoup-demo\server\node_modules\mediasoup\worker\deps\openssl\release\obj\openssl\p5_pbev2.obj
d:\work\cmedia_server\webrtc_google\lib\mediasoup-demo\server\node_modules\mediasoup\worker\deps\openssl\release\obj\openssl\p5_pbe.obj
d:\work\cmedia_server\webrtc_google\lib\mediasoup-demo\server\node_modules\mediasoup\worker\deps\openssl\release\obj\openssl\nsseq.obj
d:\work\cmedia_server\webrtc_google\lib\mediasoup-demo\server\node_modules\mediasoup\worker\deps\openssl\release\obj\openssl\n_pkey.obj
d:\work\cmedia_server\webrtc_google\lib\mediasoup-demo\server\node_modules\mediasoup\worker\deps\openssl\release\obj\openssl\i2d_pu.obj
d:\work\cmedia_server\webrtc_google\lib\mediasoup-demo\server\node_modules\mediasoup\worker\deps\openssl\release\obj\openssl\i2d_pr.obj
d:\work\cmedia_server\webrtc_google\lib\mediasoup-demo\server\node_modules\mediasoup\worker\deps\openssl\release\obj\openssl\f_string.obj
d:\work\cmedia_server\webrtc_google\lib\mediasoup-demo\server\node_modules\mediasoup\worker\deps\openssl\release\obj\openssl\f_int.obj
d:\work\cmedia_server\webrtc_google\lib\mediasoup-demo\server\node_modules\mediasoup\worker\deps\openssl\release\obj\openssl\evp_asn1.obj
d:\work\cmedia_server\webrtc_google\lib\mediasoup-demo\server\node_modules\mediasoup\worker\deps\openssl\release\obj\openssl\d2i_pu.obj
d:\work\cmedia_server\webrtc_google\lib\mediasoup-demo\server\node_modules\mediasoup\worker\deps\openssl\release\obj\openssl\d2i_pr.obj
d:\work\cmedia_server\webrtc_google\lib\mediasoup-demo\server\node_modules\mediasoup\worker\deps\openssl\release\obj\openssl\bio_ndef.obj
d:\work\cmedia_server\webrtc_google\lib\mediasoup-demo\server\node_modules\mediasoup\worker\deps\openssl\release\obj\openssl\bio_asn1.obj
d:\work\cmedia_server\webrtc_google\lib\mediasoup-demo\server\node_modules\mediasoup\worker\deps\openssl\release\obj\openssl\asn_pack.obj
d:\work\cmedia_server\webrtc_google\lib\mediasoup-demo\server\node_modules\mediasoup\worker\deps\openssl\release\obj\openssl\asn_mstbl.obj
d:\work\cmedia_server\webrtc_google\lib\mediasoup-demo\server\node_modules\mediasoup\worker\deps\openssl\release\obj\openssl\asn_moid.obj
d:\work\cmedia_server\webrtc_google\lib\mediasoup-demo\server\node_modules\mediasoup\worker\deps\openssl\release\obj\openssl\asn_mime.obj
d:\work\cmedia_server\webrtc_google\lib\mediasoup-demo\server\node_modules\mediasoup\worker\deps\openssl\release\obj\openssl\async_null.obj
d:\work\cmedia_server\webrtc_google\lib\mediasoup-demo\server\node_modules\mediasoup\worker\deps\openssl\release\obj\openssl\x_val.obj
d:\work\cmedia_server\webrtc_google\lib\mediasoup-demo\server\node_modules\mediasoup\worker\deps\openssl\release\obj\openssl\x_spki.obj
d:\work\cmedia_server\webrtc_google\lib\mediasoup-demo\server\node_modules\mediasoup\worker\deps\openssl\release\obj\openssl\x_sig.obj
d:\work\cmedia_server\webrtc_google\lib\mediasoup-demo\server\node_modules\mediasoup\worker\deps\openssl\release\obj\openssl\x_pkey.obj
d:\work\cmedia_server\webrtc_google\lib\mediasoup-demo\server\node_modules\mediasoup\worker\deps\openssl\release\obj\openssl\x_long.obj
d:\work\cmedia_server\webrtc_google\lib\mediasoup-demo\server\node_modules\mediasoup\worker\deps\openssl\release\obj\openssl\x_int64.obj
d:\work\cmedia_server\webrtc_google\lib\mediasoup-demo\server\node_modules\mediasoup\worker\deps\openssl\release\obj\openssl\x_info.obj
d:\work\cmedia_server\webrtc_google\lib\mediasoup-demo\server\node_modules\mediasoup\worker\deps\openssl\release\obj\openssl\x_bignum.obj
d:\work\cmedia_server\webrtc_google\lib\mediasoup-demo\server\node_modules\mediasoup\worker\deps\openssl\release\obj\openssl\x_algor.obj
d:\work\cmedia_server\webrtc_google\lib\mediasoup-demo\server\node_modules\mediasoup\worker\deps\openssl\release\obj\openssl\tasn_utl.obj
d:\work\cmedia_server\webrtc_google\lib\mediasoup-demo\server\node_modules\mediasoup\worker\deps\openssl\release\obj\openssl\tasn_typ.obj
d:\work\cmedia_server\webrtc_google\lib\mediasoup-demo\server\node_modules\mediasoup\worker\deps\openssl\release\obj\openssl\tasn_scn.obj
d:\work\cmedia_server\webrtc_google\lib\mediasoup-demo\server\node_modules\mediasoup\worker\deps\openssl\release\obj\openssl\tasn_prn.obj
d:\work\cmedia_server\webrtc_google\lib\mediasoup-demo\server\node_modules\mediasoup\worker\deps\openssl\release\obj\openssl\tasn_new.obj
d:\work\cmedia_server\webrtc_google\lib\mediasoup-demo\server\node_modules\mediasoup\worker\deps\openssl\release\obj\openssl\tasn_fre.obj
d:\work\cmedia_server\webrtc_google\lib\mediasoup-demo\server\node_modules\mediasoup\worker\deps\openssl\release\obj\openssl\tasn_enc.obj
d:\work\cmedia_server\webrtc_google\lib\mediasoup-demo\server\node_modules\mediasoup\worker\deps\openssl\release\obj\openssl\tasn_dec.obj
d:\work\cmedia_server\webrtc_google\lib\mediasoup-demo\server\node_modules\mediasoup\worker\deps\openssl\release\obj\openssl\t_spki.obj
d:\work\cmedia_server\webrtc_google\lib\mediasoup-demo\server\node_modules\mediasoup\worker\deps\openssl\release\obj\openssl\t_pkey.obj
d:\work\cmedia_server\webrtc_google\lib\mediasoup-demo\server\node_modules\mediasoup\worker\deps\openssl\release\obj\openssl\bio_cb.obj
d:\work\cmedia_server\webrtc_google\lib\mediasoup-demo\server\node_modules\mediasoup\worker\deps\openssl\release\obj\openssl\bf_null.obj
d:\work\cmedia_server\webrtc_google\lib\mediasoup-demo\server\node_modules\mediasoup\worker\deps\openssl\release\obj\openssl\bf_nbio.obj
d:\work\cmedia_server\webrtc_google\lib\mediasoup-demo\server\node_modules\mediasoup\worker\deps\openssl\release\obj\openssl\bf_lbuf.obj
d:\work\cmedia_server\webrtc_google\lib\mediasoup-demo\server\node_modules\mediasoup\worker\deps\openssl\release\obj\openssl\bf_buff.obj
d:\work\cmedia_server\webrtc_google\lib\mediasoup-demo\server\node_modules\mediasoup\worker\deps\openssl\release\obj\openssl\b_sock2.obj
d:\work\cmedia_server\webrtc_google\lib\mediasoup-demo\server\node_modules\mediasoup\worker\deps\openssl\release\obj\openssl\b_sock.obj
d:\work\cmedia_server\webrtc_google\lib\mediasoup-demo\server\node_modules\mediasoup\worker\deps\openssl\release\obj\openssl\b_print.obj
d:\work\cmedia_server\webrtc_google\lib\mediasoup-demo\server\node_modules\mediasoup\worker\deps\openssl\release\obj\openssl\b_dump.obj
d:\work\cmedia_server\webrtc_google\lib\mediasoup-demo\server\node_modules\mediasoup\worker\deps\openssl\release\obj\openssl\b_addr.obj
d:\work\cmedia_server\webrtc_google\lib\mediasoup-demo\server\node_modules\mediasoup\worker\deps\openssl\release\obj\openssl\bf_skey.obj
d:\work\cmedia_server\webrtc_google\lib\mediasoup-demo\server\node_modules\mediasoup\worker\deps\openssl\release\obj\openssl\bf_ofb64.obj
d:\work\cmedia_server\webrtc_google\lib\mediasoup-demo\server\node_modules\mediasoup\worker\deps\openssl\release\obj\openssl\bf_enc.obj
d:\work\cmedia_server\webrtc_google\lib\mediasoup-demo\server\node_modules\mediasoup\worker\deps\openssl\release\obj\openssl\bf_ecb.obj
d:\work\cmedia_server\webrtc_google\lib\mediasoup-demo\server\node_modules\mediasoup\worker\deps\openssl\release\obj\openssl\bf_cfb64.obj
d:\work\cmedia_server\webrtc_google\lib\mediasoup-demo\server\node_modules\mediasoup\worker\deps\openssl\release\obj\openssl\async_wait.obj
d:\work\cmedia_server\webrtc_google\lib\mediasoup-demo\server\node_modules\mediasoup\worker\deps\openssl\release\obj\openssl\async_err.obj
d:\work\cmedia_server\webrtc_google\lib\mediasoup-demo\server\node_modules\mediasoup\worker\deps\openssl\release\obj\openssl\async.obj
d:\work\cmedia_server\webrtc_google\lib\mediasoup-demo\server\node_modules\mediasoup\worker\deps\openssl\release\obj\openssl\async_win.obj
d:\work\cmedia_server\webrtc_google\lib\mediasoup-demo\server\node_modules\mediasoup\worker\deps\openssl\release\obj\openssl\async_posix.obj
d:\work\cmedia_server\webrtc_google\lib\mediasoup-demo\server\node_modules\mediasoup\worker\deps\openssl\release\obj\openssl\bn_blind.obj
d:\work\cmedia_server\webrtc_google\lib\mediasoup-demo\server\node_modules\mediasoup\worker\deps\openssl\release\obj\openssl\bn_asm.obj
d:\work\cmedia_server\webrtc_google\lib\mediasoup-demo\server\node_modules\mediasoup\worker\deps\openssl\release\obj\openssl\bn_add.obj
d:\work\cmedia_server\webrtc_google\lib\mediasoup-demo\server\node_modules\mediasoup\worker\deps\openssl\release\obj\openssl\m_blake2s.obj
d:\work\cmedia_server\webrtc_google\lib\mediasoup-demo\server\node_modules\mediasoup\worker\deps\openssl\release\obj\openssl\m_blake2b.obj
d:\work\cmedia_server\webrtc_google\lib\mediasoup-demo\server\node_modules\mediasoup\worker\deps\openssl\release\obj\openssl\blake2s.obj
d:\work\cmedia_server\webrtc_google\lib\mediasoup-demo\server\node_modules\mediasoup\worker\deps\openssl\release\obj\openssl\blake2b.obj
d:\work\cmedia_server\webrtc_google\lib\mediasoup-demo\server\node_modules\mediasoup\worker\deps\openssl\release\obj\openssl\bss_sock.obj
d:\work\cmedia_server\webrtc_google\lib\mediasoup-demo\server\node_modules\mediasoup\worker\deps\openssl\release\obj\openssl\bss_null.obj
d:\work\cmedia_server\webrtc_google\lib\mediasoup-demo\server\node_modules\mediasoup\worker\deps\openssl\release\obj\openssl\bss_mem.obj
d:\work\cmedia_server\webrtc_google\lib\mediasoup-demo\server\node_modules\mediasoup\worker\deps\openssl\release\obj\openssl\bss_log.obj
d:\work\cmedia_server\webrtc_google\lib\mediasoup-demo\server\node_modules\mediasoup\worker\deps\openssl\release\obj\openssl\bss_file.obj
d:\work\cmedia_server\webrtc_google\lib\mediasoup-demo\server\node_modules\mediasoup\worker\deps\openssl\release\obj\openssl\bss_fd.obj
d:\work\cmedia_server\webrtc_google\lib\mediasoup-demo\server\node_modules\mediasoup\worker\deps\openssl\release\obj\openssl\bss_dgram.obj
d:\work\cmedia_server\webrtc_google\lib\mediasoup-demo\server\node_modules\mediasoup\worker\deps\openssl\release\obj\openssl\bss_conn.obj
d:\work\cmedia_server\webrtc_google\lib\mediasoup-demo\server\node_modules\mediasoup\worker\deps\openssl\release\obj\openssl\bss_bio.obj
d:\work\cmedia_server\webrtc_google\lib\mediasoup-demo\server\node_modules\mediasoup\worker\deps\openssl\release\obj\openssl\bss_acpt.obj
d:\work\cmedia_server\webrtc_google\lib\mediasoup-demo\server\node_modules\mediasoup\worker\deps\openssl\release\obj\openssl\bio_meth.obj
d:\work\cmedia_server\webrtc_google\lib\mediasoup-demo\server\node_modules\mediasoup\worker\deps\openssl\release\obj\openssl\bio_lib.obj
d:\work\cmedia_server\webrtc_google\lib\mediasoup-demo\server\node_modules\mediasoup\worker\deps\openssl\release\obj\openssl\bio_err.obj
d:\work\cmedia_server\webrtc_google\lib\mediasoup-demo\server\node_modules\mediasoup\worker\deps\openssl\release\obj\openssl\bn_print.obj
d:\work\cmedia_server\webrtc_google\lib\mediasoup-demo\server\node_modules\mediasoup\worker\deps\openssl\release\obj\openssl\bn_prime.obj
d:\work\cmedia_server\webrtc_google\lib\mediasoup-demo\server\node_modules\mediasoup\worker\deps\openssl\release\obj\openssl\bn_nist.obj
d:\work\cmedia_server\webrtc_google\lib\mediasoup-demo\server\node_modules\mediasoup\worker\deps\openssl\release\obj\openssl\bn_mul.obj
d:\work\cmedia_server\webrtc_google\lib\mediasoup-demo\server\node_modules\mediasoup\worker\deps\openssl\release\obj\openssl\bn_mpi.obj
d:\work\cmedia_server\webrtc_google\lib\mediasoup-demo\server\node_modules\mediasoup\worker\deps\openssl\release\obj\openssl\bn_mont.obj
d:\work\cmedia_server\webrtc_google\lib\mediasoup-demo\server\node_modules\mediasoup\worker\deps\openssl\release\obj\openssl\bn_mod.obj
d:\work\cmedia_server\webrtc_google\lib\mediasoup-demo\server\node_modules\mediasoup\worker\deps\openssl\release\obj\openssl\bn_lib.obj
d:\work\cmedia_server\webrtc_google\lib\mediasoup-demo\server\node_modules\mediasoup\worker\deps\openssl\release\obj\openssl\bn_kron.obj
d:\work\cmedia_server\webrtc_google\lib\mediasoup-demo\server\node_modules\mediasoup\worker\deps\openssl\release\obj\openssl\bn_intern.obj
d:\work\cmedia_server\webrtc_google\lib\mediasoup-demo\server\node_modules\mediasoup\worker\deps\openssl\release\obj\openssl\bn_gf2m.obj
d:\work\cmedia_server\webrtc_google\lib\mediasoup-demo\server\node_modules\mediasoup\worker\deps\openssl\release\obj\openssl\bn_gcd.obj
d:\work\cmedia_server\webrtc_google\lib\mediasoup-demo\server\node_modules\mediasoup\worker\deps\openssl\release\obj\openssl\bn_exp2.obj
d:\work\cmedia_server\webrtc_google\lib\mediasoup-demo\server\node_modules\mediasoup\worker\deps\openssl\release\obj\openssl\bn_exp.obj
d:\work\cmedia_server\webrtc_google\lib\mediasoup-demo\server\node_modules\mediasoup\worker\deps\openssl\release\obj\openssl\bn_err.obj
d:\work\cmedia_server\webrtc_google\lib\mediasoup-demo\server\node_modules\mediasoup\worker\deps\openssl\release\obj\openssl\bn_div.obj
d:\work\cmedia_server\webrtc_google\lib\mediasoup-demo\server\node_modules\mediasoup\worker\deps\openssl\release\obj\openssl\bn_dh.obj
d:\work\cmedia_server\webrtc_google\lib\mediasoup-demo\server\node_modules\mediasoup\worker\deps\openssl\release\obj\openssl\bn_depr.obj
d:\work\cmedia_server\webrtc_google\lib\mediasoup-demo\server\node_modules\mediasoup\worker\deps\openssl\release\obj\openssl\bn_ctx.obj
d:\work\cmedia_server\webrtc_google\lib\mediasoup-demo\server\node_modules\mediasoup\worker\deps\openssl\release\obj\openssl\bn_const.obj
d:\work\cmedia_server\webrtc_google\lib\mediasoup-demo\server\node_modules\mediasoup\worker\deps\openssl\release\obj\openssl\c_enc.obj
d:\work\cmedia_server\webrtc_google\lib\mediasoup-demo\server\node_modules\mediasoup\worker\deps\openssl\release\obj\openssl\c_ecb.obj
d:\work\cmedia_server\webrtc_google\lib\mediasoup-demo\server\node_modules\mediasoup\worker\deps\openssl\release\obj\openssl\c_cfb64.obj
d:\work\cmedia_server\webrtc_google\lib\mediasoup-demo\server\node_modules\mediasoup\worker\deps\openssl\release\obj\openssl\cmll_ofb.obj
d:\work\cmedia_server\webrtc_google\lib\mediasoup-demo\server\node_modules\mediasoup\worker\deps\openssl\release\obj\openssl\cmll_misc.obj
d:\work\cmedia_server\webrtc_google\lib\mediasoup-demo\server\node_modules\mediasoup\worker\deps\openssl\release\obj\openssl\cmll_ecb.obj
d:\work\cmedia_server\webrtc_google\lib\mediasoup-demo\server\node_modules\mediasoup\worker\deps\openssl\release\obj\openssl\cmll_ctr.obj
d:\work\cmedia_server\webrtc_google\lib\mediasoup-demo\server\node_modules\mediasoup\worker\deps\openssl\release\obj\openssl\cmll_cfb.obj
d:\work\cmedia_server\webrtc_google\lib\mediasoup-demo\server\node_modules\mediasoup\worker\deps\openssl\release\obj\openssl\cmll_cbc.obj
d:\work\cmedia_server\webrtc_google\lib\mediasoup-demo\server\node_modules\mediasoup\worker\deps\openssl\release\obj\openssl\camellia.obj
d:\work\cmedia_server\webrtc_google\lib\mediasoup-demo\server\node_modules\mediasoup\worker\deps\openssl\release\obj\openssl\buffer.obj
d:\work\cmedia_server\webrtc_google\lib\mediasoup-demo\server\node_modules\mediasoup\worker\deps\openssl\release\obj\openssl\buf_err.obj
d:\work\cmedia_server\webrtc_google\lib\mediasoup-demo\server\node_modules\mediasoup\worker\deps\openssl\release\obj\openssl\bn_x931p.obj
d:\work\cmedia_server\webrtc_google\lib\mediasoup-demo\server\node_modules\mediasoup\worker\deps\openssl\release\obj\openssl\bn_word.obj
d:\work\cmedia_server\webrtc_google\lib\mediasoup-demo\server\node_modules\mediasoup\worker\deps\openssl\release\obj\openssl\bn_srp.obj
d:\work\cmedia_server\webrtc_google\lib\mediasoup-demo\server\node_modules\mediasoup\worker\deps\openssl\release\obj\openssl\bn_sqrt.obj
d:\work\cmedia_server\webrtc_google\lib\mediasoup-demo\server\node_modules\mediasoup\worker\deps\openssl\release\obj\openssl\bn_sqr.obj
d:\work\cmedia_server\webrtc_google\lib\mediasoup-demo\server\node_modules\mediasoup\worker\deps\openssl\release\obj\openssl\bn_shift.obj
d:\work\cmedia_server\webrtc_google\lib\mediasoup-demo\server\node_modules\mediasoup\worker\deps\openssl\release\obj\openssl\bn_recp.obj
d:\work\cmedia_server\webrtc_google\lib\mediasoup-demo\server\node_modules\mediasoup\worker\deps\openssl\release\obj\openssl\bn_rand.obj
d:\work\cmedia_server\webrtc_google\lib\mediasoup-demo\server\node_modules\mediasoup\worker\deps\openssl\release\obj\openssl\cms_smime.obj
d:\work\cmedia_server\webrtc_google\lib\mediasoup-demo\server\node_modules\mediasoup\worker\deps\openssl\release\obj\openssl\cms_sd.obj
d:\work\cmedia_server\webrtc_google\lib\mediasoup-demo\server\node_modules\mediasoup\worker\deps\openssl\release\obj\openssl\cms_pwri.obj
d:\work\cmedia_server\webrtc_google\lib\mediasoup-demo\server\node_modules\mediasoup\worker\deps\openssl\release\obj\openssl\cms_lib.obj
d:\work\cmedia_server\webrtc_google\lib\mediasoup-demo\server\node_modules\mediasoup\worker\deps\openssl\release\obj\openssl\cms_kari.obj
d:\work\cmedia_server\webrtc_google\lib\mediasoup-demo\server\node_modules\mediasoup\worker\deps\openssl\release\obj\openssl\cms_io.obj
d:\work\cmedia_server\webrtc_google\lib\mediasoup-demo\server\node_modules\mediasoup\worker\deps\openssl\release\obj\openssl\cms_ess.obj
d:\work\cmedia_server\webrtc_google\lib\mediasoup-demo\server\node_modules\mediasoup\worker\deps\openssl\release\obj\openssl\cms_err.obj
d:\work\cmedia_server\webrtc_google\lib\mediasoup-demo\server\node_modules\mediasoup\worker\deps\openssl\release\obj\openssl\cms_env.obj
d:\work\cmedia_server\webrtc_google\lib\mediasoup-demo\server\node_modules\mediasoup\worker\deps\openssl\release\obj\openssl\cms_enc.obj
d:\work\cmedia_server\webrtc_google\lib\mediasoup-demo\server\node_modules\mediasoup\worker\deps\openssl\release\obj\openssl\cms_dd.obj
d:\work\cmedia_server\webrtc_google\lib\mediasoup-demo\server\node_modules\mediasoup\worker\deps\openssl\release\obj\openssl\cms_cd.obj
d:\work\cmedia_server\webrtc_google\lib\mediasoup-demo\server\node_modules\mediasoup\worker\deps\openssl\release\obj\openssl\cms_att.obj
d:\work\cmedia_server\webrtc_google\lib\mediasoup-demo\server\node_modules\mediasoup\worker\deps\openssl\release\obj\openssl\cms_asn1.obj
d:\work\cmedia_server\webrtc_google\lib\mediasoup-demo\server\node_modules\mediasoup\worker\deps\openssl\release\obj\openssl\cmac.obj
d:\work\cmedia_server\webrtc_google\lib\mediasoup-demo\server\node_modules\mediasoup\worker\deps\openssl\release\obj\openssl\cm_pmeth.obj
d:\work\cmedia_server\webrtc_google\lib\mediasoup-demo\server\node_modules\mediasoup\worker\deps\openssl\release\obj\openssl\cm_ameth.obj
d:\work\cmedia_server\webrtc_google\lib\mediasoup-demo\server\node_modules\mediasoup\worker\deps\openssl\release\obj\openssl\chacha_enc.obj
d:\work\cmedia_server\webrtc_google\lib\mediasoup-demo\server\node_modules\mediasoup\worker\deps\openssl\release\obj\openssl\c_skey.obj
d:\work\cmedia_server\webrtc_google\lib\mediasoup-demo\server\node_modules\mediasoup\worker\deps\openssl\release\obj\openssl\c_ofb64.obj
d:\work\cmedia_server\webrtc_google\lib\mediasoup-demo\server\node_modules\mediasoup\worker\deps\openssl\release\obj\openssl\ct_x509v3.obj
d:\work\cmedia_server\webrtc_google\lib\mediasoup-demo\server\node_modules\mediasoup\worker\deps\openssl\release\obj\openssl\ct_vfy.obj
d:\work\cmedia_server\webrtc_google\lib\mediasoup-demo\server\node_modules\mediasoup\worker\deps\openssl\release\obj\openssl\ct_sct_ctx.obj
d:\work\cmedia_server\webrtc_google\lib\mediasoup-demo\server\node_modules\mediasoup\worker\deps\openssl\release\obj\openssl\ct_sct.obj
d:\work\cmedia_server\webrtc_google\lib\mediasoup-demo\server\node_modules\mediasoup\worker\deps\openssl\release\obj\openssl\ct_prn.obj
d:\work\cmedia_server\webrtc_google\lib\mediasoup-demo\server\node_modules\mediasoup\worker\deps\openssl\release\obj\openssl\ct_policy.obj
d:\work\cmedia_server\webrtc_google\lib\mediasoup-demo\server\node_modules\mediasoup\worker\deps\openssl\release\obj\openssl\ct_oct.obj
d:\work\cmedia_server\webrtc_google\lib\mediasoup-demo\server\node_modules\mediasoup\worker\deps\openssl\release\obj\openssl\ct_log.obj
d:\work\cmedia_server\webrtc_google\lib\mediasoup-demo\server\node_modules\mediasoup\worker\deps\openssl\release\obj\openssl\ct_err.obj
d:\work\cmedia_server\webrtc_google\lib\mediasoup-demo\server\node_modules\mediasoup\worker\deps\openssl\release\obj\openssl\ct_b64.obj
d:\work\cmedia_server\webrtc_google\lib\mediasoup-demo\server\node_modules\mediasoup\worker\deps\openssl\release\obj\openssl\cryptlib.obj
d:\work\cmedia_server\webrtc_google\lib\mediasoup-demo\server\node_modules\mediasoup\worker\deps\openssl\release\obj\openssl\cpt_err.obj
d:\work\cmedia_server\webrtc_google\lib\mediasoup-demo\server\node_modules\mediasoup\worker\deps\openssl\release\obj\openssl\conf_ssl.obj
d:\work\cmedia_server\webrtc_google\lib\mediasoup-demo\server\node_modules\mediasoup\worker\deps\openssl\release\obj\openssl\conf_sap.obj
d:\work\cmedia_server\webrtc_google\lib\mediasoup-demo\server\node_modules\mediasoup\worker\deps\openssl\release\obj\openssl\conf_mod.obj
d:\work\cmedia_server\webrtc_google\lib\mediasoup-demo\server\node_modules\mediasoup\worker\deps\openssl\release\obj\openssl\conf_mall.obj
d:\work\cmedia_server\webrtc_google\lib\mediasoup-demo\server\node_modules\mediasoup\worker\deps\openssl\release\obj\openssl\conf_lib.obj
d:\work\cmedia_server\webrtc_google\lib\mediasoup-demo\server\node_modules\mediasoup\worker\deps\openssl\release\obj\openssl\conf_err.obj
d:\work\cmedia_server\webrtc_google\lib\mediasoup-demo\server\node_modules\mediasoup\worker\deps\openssl\release\obj\openssl\conf_def.obj
d:\work\cmedia_server\webrtc_google\lib\mediasoup-demo\server\node_modules\mediasoup\worker\deps\openssl\release\obj\openssl\conf_api.obj
d:\work\cmedia_server\webrtc_google\lib\mediasoup-demo\server\node_modules\mediasoup\worker\deps\openssl\release\obj\openssl\str2key.obj
d:\work\cmedia_server\webrtc_google\lib\mediasoup-demo\server\node_modules\mediasoup\worker\deps\openssl\release\obj\openssl\set_key.obj
d:\work\cmedia_server\webrtc_google\lib\mediasoup-demo\server\node_modules\mediasoup\worker\deps\openssl\release\obj\openssl\rand_key.obj
d:\work\cmedia_server\webrtc_google\lib\mediasoup-demo\server\node_modules\mediasoup\worker\deps\openssl\release\obj\openssl\qud_cksm.obj
d:\work\cmedia_server\webrtc_google\lib\mediasoup-demo\server\node_modules\mediasoup\worker\deps\openssl\release\obj\openssl\pcbc_enc.obj
d:\work\cmedia_server\webrtc_google\lib\mediasoup-demo\server\node_modules\mediasoup\worker\deps\openssl\release\obj\openssl\ofb_enc.obj
d:\work\cmedia_server\webrtc_google\lib\mediasoup-demo\server\node_modules\mediasoup\worker\deps\openssl\release\obj\openssl\ofb64enc.obj
d:\work\cmedia_server\webrtc_google\lib\mediasoup-demo\server\node_modules\mediasoup\worker\deps\openssl\release\obj\openssl\ofb64ede.obj
d:\work\cmedia_server\webrtc_google\lib\mediasoup-demo\server\node_modules\mediasoup\worker\deps\openssl\release\obj\openssl\fcrypt_b.obj
d:\work\cmedia_server\webrtc_google\lib\mediasoup-demo\server\node_modules\mediasoup\worker\deps\openssl\release\obj\openssl\fcrypt.obj
d:\work\cmedia_server\webrtc_google\lib\mediasoup-demo\server\node_modules\mediasoup\worker\deps\openssl\release\obj\openssl\ecb_enc.obj
d:\work\cmedia_server\webrtc_google\lib\mediasoup-demo\server\node_modules\mediasoup\worker\deps\openssl\release\obj\openssl\ecb3_enc.obj
d:\work\cmedia_server\webrtc_google\lib\mediasoup-demo\server\node_modules\mediasoup\worker\deps\openssl\release\obj\openssl\des_enc.obj
d:\work\cmedia_server\webrtc_google\lib\mediasoup-demo\server\node_modules\mediasoup\worker\deps\openssl\release\obj\openssl\cfb_enc.obj
d:\work\cmedia_server\webrtc_google\lib\mediasoup-demo\server\node_modules\mediasoup\worker\deps\openssl\release\obj\openssl\cfb64enc.obj
d:\work\cmedia_server\webrtc_google\lib\mediasoup-demo\server\node_modules\mediasoup\worker\deps\openssl\release\obj\openssl\cfb64ede.obj
d:\work\cmedia_server\webrtc_google\lib\mediasoup-demo\server\node_modules\mediasoup\worker\deps\openssl\release\obj\openssl\cbc_enc.obj
d:\work\cmedia_server\webrtc_google\lib\mediasoup-demo\server\node_modules\mediasoup\worker\deps\openssl\release\obj\openssl\cbc_cksm.obj
d:\work\cmedia_server\webrtc_google\lib\mediasoup-demo\server\node_modules\mediasoup\worker\deps\openssl\release\obj\openssl\cversion.obj
d:\work\cmedia_server\webrtc_google\lib\mediasoup-demo\server\node_modules\mediasoup\worker\deps\openssl\release\obj\openssl\ctype.obj
d:\work\cmedia_server\webrtc_google\lib\mediasoup-demo\server\node_modules\mediasoup\worker\deps\openssl\release\obj\openssl\dsa_gen.obj
d:\work\cmedia_server\webrtc_google\lib\mediasoup-demo\server\node_modules\mediasoup\worker\deps\openssl\release\obj\openssl\dsa_err.obj
d:\work\cmedia_server\webrtc_google\lib\mediasoup-demo\server\node_modules\mediasoup\worker\deps\openssl\release\obj\openssl\dsa_depr.obj
d:\work\cmedia_server\webrtc_google\lib\mediasoup-demo\server\node_modules\mediasoup\worker\deps\openssl\release\obj\openssl\dsa_asn1.obj
d:\work\cmedia_server\webrtc_google\lib\mediasoup-demo\server\node_modules\mediasoup\worker\deps\openssl\release\obj\openssl\dsa_ameth.obj
d:\work\cmedia_server\webrtc_google\lib\mediasoup-demo\server\node_modules\mediasoup\worker\deps\openssl\release\obj\openssl\dh_rfc7919.obj
d:\work\cmedia_server\webrtc_google\lib\mediasoup-demo\server\node_modules\mediasoup\worker\deps\openssl\release\obj\openssl\dh_rfc5114.obj
d:\work\cmedia_server\webrtc_google\lib\mediasoup-demo\server\node_modules\mediasoup\worker\deps\openssl\release\obj\openssl\dh_prn.obj
d:\work\cmedia_server\webrtc_google\lib\mediasoup-demo\server\node_modules\mediasoup\worker\deps\openssl\release\obj\openssl\dh_pmeth.obj
d:\work\cmedia_server\webrtc_google\lib\mediasoup-demo\server\node_modules\mediasoup\worker\deps\openssl\release\obj\openssl\dh_meth.obj
d:\work\cmedia_server\webrtc_google\lib\mediasoup-demo\server\node_modules\mediasoup\worker\deps\openssl\release\obj\openssl\dh_lib.obj
d:\work\cmedia_server\webrtc_google\lib\mediasoup-demo\server\node_modules\mediasoup\worker\deps\openssl\release\obj\openssl\dh_key.obj
d:\work\cmedia_server\webrtc_google\lib\mediasoup-demo\server\node_modules\mediasoup\worker\deps\openssl\release\obj\openssl\dh_kdf.obj
d:\work\cmedia_server\webrtc_google\lib\mediasoup-demo\server\node_modules\mediasoup\worker\deps\openssl\release\obj\openssl\dh_gen.obj
d:\work\cmedia_server\webrtc_google\lib\mediasoup-demo\server\node_modules\mediasoup\worker\deps\openssl\release\obj\openssl\dh_err.obj
d:\work\cmedia_server\webrtc_google\lib\mediasoup-demo\server\node_modules\mediasoup\worker\deps\openssl\release\obj\openssl\dh_depr.obj
d:\work\cmedia_server\webrtc_google\lib\mediasoup-demo\server\node_modules\mediasoup\worker\deps\openssl\release\obj\openssl\dh_check.obj
d:\work\cmedia_server\webrtc_google\lib\mediasoup-demo\server\node_modules\mediasoup\worker\deps\openssl\release\obj\openssl\dh_asn1.obj
d:\work\cmedia_server\webrtc_google\lib\mediasoup-demo\server\node_modules\mediasoup\worker\deps\openssl\release\obj\openssl\dh_ameth.obj
d:\work\cmedia_server\webrtc_google\lib\mediasoup-demo\server\node_modules\mediasoup\worker\deps\openssl\release\obj\openssl\xcbc_enc.obj
d:\work\cmedia_server\webrtc_google\lib\mediasoup-demo\server\node_modules\mediasoup\worker\deps\openssl\release\obj\openssl\curve448_tables.obj
d:\work\cmedia_server\webrtc_google\lib\mediasoup-demo\server\node_modules\mediasoup\worker\deps\openssl\release\obj\openssl\curve448.obj
d:\work\cmedia_server\webrtc_google\lib\mediasoup-demo\server\node_modules\mediasoup\worker\deps\openssl\release\obj\openssl\f_impl.obj
d:\work\cmedia_server\webrtc_google\lib\mediasoup-demo\server\node_modules\mediasoup\worker\deps\openssl\release\obj\openssl\curve25519.obj
d:\work\cmedia_server\webrtc_google\lib\mediasoup-demo\server\node_modules\mediasoup\worker\deps\openssl\release\obj\openssl\ebcdic.obj
d:\work\cmedia_server\webrtc_google\lib\mediasoup-demo\server\node_modules\mediasoup\worker\deps\openssl\release\obj\openssl\dso_win32.obj
d:\work\cmedia_server\webrtc_google\lib\mediasoup-demo\server\node_modules\mediasoup\worker\deps\openssl\release\obj\openssl\dso_vms.obj
d:\work\cmedia_server\webrtc_google\lib\mediasoup-demo\server\node_modules\mediasoup\worker\deps\openssl\release\obj\openssl\dso_openssl.obj
d:\work\cmedia_server\webrtc_google\lib\mediasoup-demo\server\node_modules\mediasoup\worker\deps\openssl\release\obj\openssl\dso_lib.obj
d:\work\cmedia_server\webrtc_google\lib\mediasoup-demo\server\node_modules\mediasoup\worker\deps\openssl\release\obj\openssl\dso_err.obj
d:\work\cmedia_server\webrtc_google\lib\mediasoup-demo\server\node_modules\mediasoup\worker\deps\openssl\release\obj\openssl\dso_dlfcn.obj
d:\work\cmedia_server\webrtc_google\lib\mediasoup-demo\server\node_modules\mediasoup\worker\deps\openssl\release\obj\openssl\dso_dl.obj
d:\work\cmedia_server\webrtc_google\lib\mediasoup-demo\server\node_modules\mediasoup\worker\deps\openssl\release\obj\openssl\dsa_vrf.obj
d:\work\cmedia_server\webrtc_google\lib\mediasoup-demo\server\node_modules\mediasoup\worker\deps\openssl\release\obj\openssl\dsa_sign.obj
d:\work\cmedia_server\webrtc_google\lib\mediasoup-demo\server\node_modules\mediasoup\worker\deps\openssl\release\obj\openssl\dsa_prn.obj
d:\work\cmedia_server\webrtc_google\lib\mediasoup-demo\server\node_modules\mediasoup\worker\deps\openssl\release\obj\openssl\dsa_pmeth.obj
d:\work\cmedia_server\webrtc_google\lib\mediasoup-demo\server\node_modules\mediasoup\worker\deps\openssl\release\obj\openssl\dsa_ossl.obj
d:\work\cmedia_server\webrtc_google\lib\mediasoup-demo\server\node_modules\mediasoup\worker\deps\openssl\release\obj\openssl\dsa_meth.obj
d:\work\cmedia_server\webrtc_google\lib\mediasoup-demo\server\node_modules\mediasoup\worker\deps\openssl\release\obj\openssl\dsa_lib.obj
d:\work\cmedia_server\webrtc_google\lib\mediasoup-demo\server\node_modules\mediasoup\worker\deps\openssl\release\obj\openssl\dsa_key.obj
d:\work\cmedia_server\webrtc_google\lib\mediasoup-demo\server\node_modules\mediasoup\worker\deps\openssl\release\obj\openssl\ecdh_ossl.obj
d:\work\cmedia_server\webrtc_google\lib\mediasoup-demo\server\node_modules\mediasoup\worker\deps\openssl\release\obj\openssl\ecdh_kdf.obj
d:\work\cmedia_server\webrtc_google\lib\mediasoup-demo\server\node_modules\mediasoup\worker\deps\openssl\release\obj\openssl\ec_print.obj
d:\work\cmedia_server\webrtc_google\lib\mediasoup-demo\server\node_modules\mediasoup\worker\deps\openssl\release\obj\openssl\ec_pmeth.obj
d:\work\cmedia_server\webrtc_google\lib\mediasoup-demo\server\node_modules\mediasoup\worker\deps\openssl\release\obj\openssl\ec_oct.obj
d:\work\cmedia_server\webrtc_google\lib\mediasoup-demo\server\node_modules\mediasoup\worker\deps\openssl\release\obj\openssl\ec_mult.obj
d:\work\cmedia_server\webrtc_google\lib\mediasoup-demo\server\node_modules\mediasoup\worker\deps\openssl\release\obj\openssl\ec_lib.obj
d:\work\cmedia_server\webrtc_google\lib\mediasoup-demo\server\node_modules\mediasoup\worker\deps\openssl\release\obj\openssl\ec_kmeth.obj
d:\work\cmedia_server\webrtc_google\lib\mediasoup-demo\server\node_modules\mediasoup\worker\deps\openssl\release\obj\openssl\ec_key.obj
d:\work\cmedia_server\webrtc_google\lib\mediasoup-demo\server\node_modules\mediasoup\worker\deps\openssl\release\obj\openssl\ec_err.obj
d:\work\cmedia_server\webrtc_google\lib\mediasoup-demo\server\node_modules\mediasoup\worker\deps\openssl\release\obj\openssl\ec_cvt.obj
d:\work\cmedia_server\webrtc_google\lib\mediasoup-demo\server\node_modules\mediasoup\worker\deps\openssl\release\obj\openssl\ec_curve.obj
d:\work\cmedia_server\webrtc_google\lib\mediasoup-demo\server\node_modules\mediasoup\worker\deps\openssl\release\obj\openssl\ec_check.obj
d:\work\cmedia_server\webrtc_google\lib\mediasoup-demo\server\node_modules\mediasoup\worker\deps\openssl\release\obj\openssl\ec_asn1.obj
d:\work\cmedia_server\webrtc_google\lib\mediasoup-demo\server\node_modules\mediasoup\worker\deps\openssl\release\obj\openssl\ec_ameth.obj
d:\work\cmedia_server\webrtc_google\lib\mediasoup-demo\server\node_modules\mediasoup\worker\deps\openssl\release\obj\openssl\ec2_smpl.obj
d:\work\cmedia_server\webrtc_google\lib\mediasoup-demo\server\node_modules\mediasoup\worker\deps\openssl\release\obj\openssl\ec2_oct.obj
d:\work\cmedia_server\webrtc_google\lib\mediasoup-demo\server\node_modules\mediasoup\worker\deps\openssl\release\obj\openssl\scalar.obj
d:\work\cmedia_server\webrtc_google\lib\mediasoup-demo\server\node_modules\mediasoup\worker\deps\openssl\release\obj\openssl\f_generic.obj
d:\work\cmedia_server\webrtc_google\lib\mediasoup-demo\server\node_modules\mediasoup\worker\deps\openssl\release\obj\openssl\eddsa.obj
d:\work\cmedia_server\webrtc_google\lib\mediasoup-demo\server\node_modules\mediasoup\worker\deps\openssl\release\obj\openssl\eng_init.obj
d:\work\cmedia_server\webrtc_google\lib\mediasoup-demo\server\node_modules\mediasoup\worker\deps\openssl\release\obj\openssl\eng_fat.obj
d:\work\cmedia_server\webrtc_google\lib\mediasoup-demo\server\node_modules\mediasoup\worker\deps\openssl\release\obj\openssl\eng_err.obj
d:\work\cmedia_server\webrtc_google\lib\mediasoup-demo\server\node_modules\mediasoup\worker\deps\openssl\release\obj\openssl\eng_dyn.obj
d:\work\cmedia_server\webrtc_google\lib\mediasoup-demo\server\node_modules\mediasoup\worker\deps\openssl\release\obj\openssl\eng_ctrl.obj
d:\work\cmedia_server\webrtc_google\lib\mediasoup-demo\server\node_modules\mediasoup\worker\deps\openssl\release\obj\openssl\eng_cnf.obj
d:\work\cmedia_server\webrtc_google\lib\mediasoup-demo\server\node_modules\mediasoup\worker\deps\openssl\release\obj\openssl\eng_all.obj
d:\work\cmedia_server\webrtc_google\lib\mediasoup-demo\server\node_modules\mediasoup\worker\deps\openssl\release\obj\openssl\ecx_meth.obj
d:\work\cmedia_server\webrtc_google\lib\mediasoup-demo\server\node_modules\mediasoup\worker\deps\openssl\release\obj\openssl\ecp_smpl.obj
d:\work\cmedia_server\webrtc_google\lib\mediasoup-demo\server\node_modules\mediasoup\worker\deps\openssl\release\obj\openssl\ecp_oct.obj
d:\work\cmedia_server\webrtc_google\lib\mediasoup-demo\server\node_modules\mediasoup\worker\deps\openssl\release\obj\openssl\ecp_nistputil.obj
d:\work\cmedia_server\webrtc_google\lib\mediasoup-demo\server\node_modules\mediasoup\worker\deps\openssl\release\obj\openssl\ecp_nistp521.obj
d:\work\cmedia_server\webrtc_google\lib\mediasoup-demo\server\node_modules\mediasoup\worker\deps\openssl\release\obj\openssl\ecp_nistp256.obj
d:\work\cmedia_server\webrtc_google\lib\mediasoup-demo\server\node_modules\mediasoup\worker\deps\openssl\release\obj\openssl\ecp_nistp224.obj
d:\work\cmedia_server\webrtc_google\lib\mediasoup-demo\server\node_modules\mediasoup\worker\deps\openssl\release\obj\openssl\ecp_nist.obj
d:\work\cmedia_server\webrtc_google\lib\mediasoup-demo\server\node_modules\mediasoup\worker\deps\openssl\release\obj\openssl\ecp_mont.obj
d:\work\cmedia_server\webrtc_google\lib\mediasoup-demo\server\node_modules\mediasoup\worker\deps\openssl\release\obj\openssl\eck_prn.obj
d:\work\cmedia_server\webrtc_google\lib\mediasoup-demo\server\node_modules\mediasoup\worker\deps\openssl\release\obj\openssl\ecdsa_vrf.obj
d:\work\cmedia_server\webrtc_google\lib\mediasoup-demo\server\node_modules\mediasoup\worker\deps\openssl\release\obj\openssl\ecdsa_sign.obj
d:\work\cmedia_server\webrtc_google\lib\mediasoup-demo\server\node_modules\mediasoup\worker\deps\openssl\release\obj\openssl\ecdsa_ossl.obj
d:\work\cmedia_server\webrtc_google\lib\mediasoup-demo\server\node_modules\mediasoup\worker\deps\openssl\release\obj\openssl\bio_enc.obj
d:\work\cmedia_server\webrtc_google\lib\mediasoup-demo\server\node_modules\mediasoup\worker\deps\openssl\release\obj\openssl\bio_b64.obj
d:\work\cmedia_server\webrtc_google\lib\mediasoup-demo\server\node_modules\mediasoup\worker\deps\openssl\release\obj\openssl\err_prn.obj
d:\work\cmedia_server\webrtc_google\lib\mediasoup-demo\server\node_modules\mediasoup\worker\deps\openssl\release\obj\openssl\err_all.obj
d:\work\cmedia_server\webrtc_google\lib\mediasoup-demo\server\node_modules\mediasoup\worker\deps\openssl\release\obj\openssl\err.obj
d:\work\cmedia_server\webrtc_google\lib\mediasoup-demo\server\node_modules\mediasoup\worker\deps\openssl\release\obj\openssl\tb_rsa.obj
d:\work\cmedia_server\webrtc_google\lib\mediasoup-demo\server\node_modules\mediasoup\worker\deps\openssl\release\obj\openssl\tb_rand.obj
d:\work\cmedia_server\webrtc_google\lib\mediasoup-demo\server\node_modules\mediasoup\worker\deps\openssl\release\obj\openssl\tb_pkmeth.obj
d:\work\cmedia_server\webrtc_google\lib\mediasoup-demo\server\node_modules\mediasoup\worker\deps\openssl\release\obj\openssl\tb_eckey.obj
d:\work\cmedia_server\webrtc_google\lib\mediasoup-demo\server\node_modules\mediasoup\worker\deps\openssl\release\obj\openssl\tb_dsa.obj
d:\work\cmedia_server\webrtc_google\lib\mediasoup-demo\server\node_modules\mediasoup\worker\deps\openssl\release\obj\openssl\tb_digest.obj
d:\work\cmedia_server\webrtc_google\lib\mediasoup-demo\server\node_modules\mediasoup\worker\deps\openssl\release\obj\openssl\tb_dh.obj
d:\work\cmedia_server\webrtc_google\lib\mediasoup-demo\server\node_modules\mediasoup\worker\deps\openssl\release\obj\openssl\tb_cipher.obj
d:\work\cmedia_server\webrtc_google\lib\mediasoup-demo\server\node_modules\mediasoup\worker\deps\openssl\release\obj\openssl\tb_asnmth.obj
d:\work\cmedia_server\webrtc_google\lib\mediasoup-demo\server\node_modules\mediasoup\worker\deps\openssl\release\obj\openssl\eng_table.obj
d:\work\cmedia_server\webrtc_google\lib\mediasoup-demo\server\node_modules\mediasoup\worker\deps\openssl\release\obj\openssl\eng_rdrand.obj
d:\work\cmedia_server\webrtc_google\lib\mediasoup-demo\server\node_modules\mediasoup\worker\deps\openssl\release\obj\openssl\eng_pkey.obj
d:\work\cmedia_server\webrtc_google\lib\mediasoup-demo\server\node_modules\mediasoup\worker\deps\openssl\release\obj\openssl\eng_openssl.obj
d:\work\cmedia_server\webrtc_google\lib\mediasoup-demo\server\node_modules\mediasoup\worker\deps\openssl\release\obj\openssl\eng_list.obj
d:\work\cmedia_server\webrtc_google\lib\mediasoup-demo\server\node_modules\mediasoup\worker\deps\openssl\release\obj\openssl\eng_lib.obj
d:\work\cmedia_server\webrtc_google\lib\mediasoup-demo\server\node_modules\mediasoup\worker\deps\openssl\release\obj\openssl\e_rc2.obj
d:\work\cmedia_server\webrtc_google\lib\mediasoup-demo\server\node_modules\mediasoup\worker\deps\openssl\release\obj\openssl\e_old.obj
d:\work\cmedia_server\webrtc_google\lib\mediasoup-demo\server\node_modules\mediasoup\worker\deps\openssl\release\obj\openssl\e_null.obj
d:\work\cmedia_server\webrtc_google\lib\mediasoup-demo\server\node_modules\mediasoup\worker\deps\openssl\release\obj\openssl\e_idea.obj
d:\work\cmedia_server\webrtc_google\lib\mediasoup-demo\server\node_modules\mediasoup\worker\deps\openssl\release\obj\openssl\e_des3.obj
d:\work\cmedia_server\webrtc_google\lib\mediasoup-demo\server\node_modules\mediasoup\worker\deps\openssl\release\obj\openssl\e_des.obj
d:\work\cmedia_server\webrtc_google\lib\mediasoup-demo\server\node_modules\mediasoup\worker\deps\openssl\release\obj\openssl\e_chacha20_poly1305.obj
d:\work\cmedia_server\webrtc_google\lib\mediasoup-demo\server\node_modules\mediasoup\worker\deps\openssl\release\obj\openssl\e_cast.obj
d:\work\cmedia_server\webrtc_google\lib\mediasoup-demo\server\node_modules\mediasoup\worker\deps\openssl\release\obj\openssl\e_camellia.obj
d:\work\cmedia_server\webrtc_google\lib\mediasoup-demo\server\node_modules\mediasoup\worker\deps\openssl\release\obj\openssl\e_bf.obj
d:\work\cmedia_server\webrtc_google\lib\mediasoup-demo\server\node_modules\mediasoup\worker\deps\openssl\release\obj\openssl\e_aria.obj
d:\work\cmedia_server\webrtc_google\lib\mediasoup-demo\server\node_modules\mediasoup\worker\deps\openssl\release\obj\openssl\e_aes_cbc_hmac_sha256.obj
d:\work\cmedia_server\webrtc_google\lib\mediasoup-demo\server\node_modules\mediasoup\worker\deps\openssl\release\obj\openssl\e_aes_cbc_hmac_sha1.obj
d:\work\cmedia_server\webrtc_google\lib\mediasoup-demo\server\node_modules\mediasoup\worker\deps\openssl\release\obj\openssl\e_aes.obj
d:\work\cmedia_server\webrtc_google\lib\mediasoup-demo\server\node_modules\mediasoup\worker\deps\openssl\release\obj\openssl\digest.obj
d:\work\cmedia_server\webrtc_google\lib\mediasoup-demo\server\node_modules\mediasoup\worker\deps\openssl\release\obj\openssl\cmeth_lib.obj
d:\work\cmedia_server\webrtc_google\lib\mediasoup-demo\server\node_modules\mediasoup\worker\deps\openssl\release\obj\openssl\c_alld.obj
d:\work\cmedia_server\webrtc_google\lib\mediasoup-demo\server\node_modules\mediasoup\worker\deps\openssl\release\obj\openssl\c_allc.obj
d:\work\cmedia_server\webrtc_google\lib\mediasoup-demo\server\node_modules\mediasoup\worker\deps\openssl\release\obj\openssl\bio_ok.obj
d:\work\cmedia_server\webrtc_google\lib\mediasoup-demo\server\node_modules\mediasoup\worker\deps\openssl\release\obj\openssl\bio_md.obj
d:\work\cmedia_server\webrtc_google\lib\mediasoup-demo\server\node_modules\mediasoup\worker\deps\openssl\release\obj\openssl\m_null.obj
d:\work\cmedia_server\webrtc_google\lib\mediasoup-demo\server\node_modules\mediasoup\worker\deps\openssl\release\obj\openssl\m_mdc2.obj
d:\work\cmedia_server\webrtc_google\lib\mediasoup-demo\server\node_modules\mediasoup\worker\deps\openssl\release\obj\openssl\m_md5_sha1.obj
d:\work\cmedia_server\webrtc_google\lib\mediasoup-demo\server\node_modules\mediasoup\worker\deps\openssl\release\obj\openssl\m_md5.obj
d:\work\cmedia_server\webrtc_google\lib\mediasoup-demo\server\node_modules\mediasoup\worker\deps\openssl\release\obj\openssl\m_md4.obj
d:\work\cmedia_server\webrtc_google\lib\mediasoup-demo\server\node_modules\mediasoup\worker\deps\openssl\release\obj\openssl\m_md2.obj
d:\work\cmedia_server\webrtc_google\lib\mediasoup-demo\server\node_modules\mediasoup\worker\deps\openssl\release\obj\openssl\evp_pkey.obj
d:\work\cmedia_server\webrtc_google\lib\mediasoup-demo\server\node_modules\mediasoup\worker\deps\openssl\release\obj\openssl\evp_pbe.obj
d:\work\cmedia_server\webrtc_google\lib\mediasoup-demo\server\node_modules\mediasoup\worker\deps\openssl\release\obj\openssl\evp_lib.obj
d:\work\cmedia_server\webrtc_google\lib\mediasoup-demo\server\node_modules\mediasoup\worker\deps\openssl\release\obj\openssl\evp_key.obj
d:\work\cmedia_server\webrtc_google\lib\mediasoup-demo\server\node_modules\mediasoup\worker\deps\openssl\release\obj\openssl\evp_err.obj
d:\work\cmedia_server\webrtc_google\lib\mediasoup-demo\server\node_modules\mediasoup\worker\deps\openssl\release\obj\openssl\evp_enc.obj
d:\work\cmedia_server\webrtc_google\lib\mediasoup-demo\server\node_modules\mediasoup\worker\deps\openssl\release\obj\openssl\evp_cnf.obj
d:\work\cmedia_server\webrtc_google\lib\mediasoup-demo\server\node_modules\mediasoup\worker\deps\openssl\release\obj\openssl\encode.obj
d:\work\cmedia_server\webrtc_google\lib\mediasoup-demo\server\node_modules\mediasoup\worker\deps\openssl\release\obj\openssl\e_xcbc_d.obj
d:\work\cmedia_server\webrtc_google\lib\mediasoup-demo\server\node_modules\mediasoup\worker\deps\openssl\release\obj\openssl\e_sm4.obj
d:\work\cmedia_server\webrtc_google\lib\mediasoup-demo\server\node_modules\mediasoup\worker\deps\openssl\release\obj\openssl\e_seed.obj
d:\work\cmedia_server\webrtc_google\lib\mediasoup-demo\server\node_modules\mediasoup\worker\deps\openssl\release\obj\openssl\e_rc5.obj
d:\work\cmedia_server\webrtc_google\lib\mediasoup-demo\server\node_modules\mediasoup\worker\deps\openssl\release\obj\openssl\e_rc4_hmac_md5.obj
d:\work\cmedia_server\webrtc_google\lib\mediasoup-demo\server\node_modules\mediasoup\worker\deps\openssl\release\obj\openssl\e_rc4.obj
d:\work\cmedia_server\webrtc_google\lib\mediasoup-demo\server\node_modules\mediasoup\worker\deps\openssl\release\obj\openssl\ex_data.obj
d:\work\cmedia_server\webrtc_google\lib\mediasoup-demo\server\node_modules\mediasoup\worker\deps\openssl\release\obj\openssl\pmeth_lib.obj
d:\work\cmedia_server\webrtc_google\lib\mediasoup-demo\server\node_modules\mediasoup\worker\deps\openssl\release\obj\openssl\pmeth_gn.obj
d:\work\cmedia_server\webrtc_google\lib\mediasoup-demo\server\node_modules\mediasoup\worker\deps\openssl\release\obj\openssl\pmeth_fn.obj
d:\work\cmedia_server\webrtc_google\lib\mediasoup-demo\server\node_modules\mediasoup\worker\deps\openssl\release\obj\openssl\pbe_scrypt.obj
d:\work\cmedia_server\webrtc_google\lib\mediasoup-demo\server\node_modules\mediasoup\worker\deps\openssl\release\obj\openssl\p_verify.obj
d:\work\cmedia_server\webrtc_google\lib\mediasoup-demo\server\node_modules\mediasoup\worker\deps\openssl\release\obj\openssl\p_sign.obj
d:\work\cmedia_server\webrtc_google\lib\mediasoup-demo\server\node_modules\mediasoup\worker\deps\openssl\release\obj\openssl\p_seal.obj
d:\work\cmedia_server\webrtc_google\lib\mediasoup-demo\server\node_modules\mediasoup\worker\deps\openssl\release\obj\openssl\p_open.obj
d:\work\cmedia_server\webrtc_google\lib\mediasoup-demo\server\node_modules\mediasoup\worker\deps\openssl\release\obj\openssl\p_lib.obj
d:\work\cmedia_server\webrtc_google\lib\mediasoup-demo\server\node_modules\mediasoup\worker\deps\openssl\release\obj\openssl\p_enc.obj
d:\work\cmedia_server\webrtc_google\lib\mediasoup-demo\server\node_modules\mediasoup\worker\deps\openssl\release\obj\openssl\p_dec.obj
d:\work\cmedia_server\webrtc_google\lib\mediasoup-demo\server\node_modules\mediasoup\worker\deps\openssl\release\obj\openssl\p5_crpt2.obj
d:\work\cmedia_server\webrtc_google\lib\mediasoup-demo\server\node_modules\mediasoup\worker\deps\openssl\release\obj\openssl\p5_crpt.obj
d:\work\cmedia_server\webrtc_google\lib\mediasoup-demo\server\node_modules\mediasoup\worker\deps\openssl\release\obj\openssl\names.obj
d:\work\cmedia_server\webrtc_google\lib\mediasoup-demo\server\node_modules\mediasoup\worker\deps\openssl\release\obj\openssl\m_wp.obj
d:\work\cmedia_server\webrtc_google\lib\mediasoup-demo\server\node_modules\mediasoup\worker\deps\openssl\release\obj\openssl\m_sigver.obj
d:\work\cmedia_server\webrtc_google\lib\mediasoup-demo\server\node_modules\mediasoup\worker\deps\openssl\release\obj\openssl\m_sha3.obj
d:\work\cmedia_server\webrtc_google\lib\mediasoup-demo\server\node_modules\mediasoup\worker\deps\openssl\release\obj\openssl\m_sha1.obj
d:\work\cmedia_server\webrtc_google\lib\mediasoup-demo\server\node_modules\mediasoup\worker\deps\openssl\release\obj\openssl\m_ripemd.obj
d:\work\cmedia_server\webrtc_google\lib\mediasoup-demo\server\node_modules\mediasoup\worker\deps\openssl\release\obj\openssl\md5_one.obj
d:\work\cmedia_server\webrtc_google\lib\mediasoup-demo\server\node_modules\mediasoup\worker\deps\openssl\release\obj\openssl\md5_dgst.obj
d:\work\cmedia_server\webrtc_google\lib\mediasoup-demo\server\node_modules\mediasoup\worker\deps\openssl\release\obj\openssl\md4_one.obj
d:\work\cmedia_server\webrtc_google\lib\mediasoup-demo\server\node_modules\mediasoup\worker\deps\openssl\release\obj\openssl\md4_dgst.obj
d:\work\cmedia_server\webrtc_google\lib\mediasoup-demo\server\node_modules\mediasoup\worker\deps\openssl\release\obj\openssl\lhash.obj
d:\work\cmedia_server\webrtc_google\lib\mediasoup-demo\server\node_modules\mediasoup\worker\deps\openssl\release\obj\openssl\lh_stats.obj
d:\work\cmedia_server\webrtc_google\lib\mediasoup-demo\server\node_modules\mediasoup\worker\deps\openssl\release\obj\openssl\tls1_prf.obj
d:\work\cmedia_server\webrtc_google\lib\mediasoup-demo\server\node_modules\mediasoup\worker\deps\openssl\release\obj\openssl\scrypt.obj
d:\work\cmedia_server\webrtc_google\lib\mediasoup-demo\server\node_modules\mediasoup\worker\deps\openssl\release\obj\openssl\kdf_err.obj
d:\work\cmedia_server\webrtc_google\lib\mediasoup-demo\server\node_modules\mediasoup\worker\deps\openssl\release\obj\openssl\hkdf.obj
d:\work\cmedia_server\webrtc_google\lib\mediasoup-demo\server\node_modules\mediasoup\worker\deps\openssl\release\obj\openssl\init.obj
d:\work\cmedia_server\webrtc_google\lib\mediasoup-demo\server\node_modules\mediasoup\worker\deps\openssl\release\obj\openssl\i_skey.obj
d:\work\cmedia_server\webrtc_google\lib\mediasoup-demo\server\node_modules\mediasoup\worker\deps\openssl\release\obj\openssl\i_ofb64.obj
d:\work\cmedia_server\webrtc_google\lib\mediasoup-demo\server\node_modules\mediasoup\worker\deps\openssl\release\obj\openssl\i_ecb.obj
d:\work\cmedia_server\webrtc_google\lib\mediasoup-demo\server\node_modules\mediasoup\worker\deps\openssl\release\obj\openssl\i_cfb64.obj
d:\work\cmedia_server\webrtc_google\lib\mediasoup-demo\server\node_modules\mediasoup\worker\deps\openssl\release\obj\openssl\i_cbc.obj
d:\work\cmedia_server\webrtc_google\lib\mediasoup-demo\server\node_modules\mediasoup\worker\deps\openssl\release\obj\openssl\hmac.obj
d:\work\cmedia_server\webrtc_google\lib\mediasoup-demo\server\node_modules\mediasoup\worker\deps\openssl\release\obj\openssl\hm_pmeth.obj
d:\work\cmedia_server\webrtc_google\lib\mediasoup-demo\server\node_modules\mediasoup\worker\deps\openssl\release\obj\openssl\hm_ameth.obj
d:\work\cmedia_server\webrtc_google\lib\mediasoup-demo\server\node_modules\mediasoup\worker\deps\openssl\release\obj\openssl\getenv.obj
d:\work\cmedia_server\webrtc_google\lib\mediasoup-demo\server\node_modules\mediasoup\worker\deps\openssl\release\obj\openssl\o_init.obj
d:\work\cmedia_server\webrtc_google\lib\mediasoup-demo\server\node_modules\mediasoup\worker\deps\openssl\release\obj\openssl\o_fopen.obj
d:\work\cmedia_server\webrtc_google\lib\mediasoup-demo\server\node_modules\mediasoup\worker\deps\openssl\release\obj\openssl\o_fips.obj
d:\work\cmedia_server\webrtc_google\lib\mediasoup-demo\server\node_modules\mediasoup\worker\deps\openssl\release\obj\openssl\o_dir.obj
d:\work\cmedia_server\webrtc_google\lib\mediasoup-demo\server\node_modules\mediasoup\worker\deps\openssl\release\obj\openssl\xts128.obj
d:\work\cmedia_server\webrtc_google\lib\mediasoup-demo\server\node_modules\mediasoup\worker\deps\openssl\release\obj\openssl\wrap128.obj
d:\work\cmedia_server\webrtc_google\lib\mediasoup-demo\server\node_modules\mediasoup\worker\deps\openssl\release\obj\openssl\ofb128.obj
d:\work\cmedia_server\webrtc_google\lib\mediasoup-demo\server\node_modules\mediasoup\worker\deps\openssl\release\obj\openssl\ocb128.obj
d:\work\cmedia_server\webrtc_google\lib\mediasoup-demo\server\node_modules\mediasoup\worker\deps\openssl\release\obj\openssl\gcm128.obj
d:\work\cmedia_server\webrtc_google\lib\mediasoup-demo\server\node_modules\mediasoup\worker\deps\openssl\release\obj\openssl\cts128.obj
d:\work\cmedia_server\webrtc_google\lib\mediasoup-demo\server\node_modules\mediasoup\worker\deps\openssl\release\obj\openssl\ctr128.obj
d:\work\cmedia_server\webrtc_google\lib\mediasoup-demo\server\node_modules\mediasoup\worker\deps\openssl\release\obj\openssl\cfb128.obj
d:\work\cmedia_server\webrtc_google\lib\mediasoup-demo\server\node_modules\mediasoup\worker\deps\openssl\release\obj\openssl\ccm128.obj
d:\work\cmedia_server\webrtc_google\lib\mediasoup-demo\server\node_modules\mediasoup\worker\deps\openssl\release\obj\openssl\cbc128.obj
d:\work\cmedia_server\webrtc_google\lib\mediasoup-demo\server\node_modules\mediasoup\worker\deps\openssl\release\obj\openssl\mem_sec.obj
d:\work\cmedia_server\webrtc_google\lib\mediasoup-demo\server\node_modules\mediasoup\worker\deps\openssl\release\obj\openssl\mem_dbg.obj
d:\work\cmedia_server\webrtc_google\lib\mediasoup-demo\server\node_modules\mediasoup\worker\deps\openssl\release\obj\openssl\mem_clr.obj
d:\work\cmedia_server\webrtc_google\lib\mediasoup-demo\server\node_modules\mediasoup\worker\deps\openssl\release\obj\openssl\mem.obj
d:\work\cmedia_server\webrtc_google\lib\mediasoup-demo\server\node_modules\mediasoup\worker\deps\openssl\release\obj\openssl\mdc2dgst.obj
d:\work\cmedia_server\webrtc_google\lib\mediasoup-demo\server\node_modules\mediasoup\worker\deps\openssl\release\obj\openssl\mdc2_one.obj
d:\work\cmedia_server\webrtc_google\lib\mediasoup-demo\server\node_modules\mediasoup\worker\deps\openssl\release\obj\openssl\pem_info.obj
d:\work\cmedia_server\webrtc_google\lib\mediasoup-demo\server\node_modules\mediasoup\worker\deps\openssl\release\obj\openssl\pem_err.obj
d:\work\cmedia_server\webrtc_google\lib\mediasoup-demo\server\node_modules\mediasoup\worker\deps\openssl\release\obj\openssl\pem_all.obj
d:\work\cmedia_server\webrtc_google\lib\mediasoup-demo\server\node_modules\mediasoup\worker\deps\openssl\release\obj\openssl\v3_ocsp.obj
d:\work\cmedia_server\webrtc_google\lib\mediasoup-demo\server\node_modules\mediasoup\worker\deps\openssl\release\obj\openssl\ocsp_vfy.obj
d:\work\cmedia_server\webrtc_google\lib\mediasoup-demo\server\node_modules\mediasoup\worker\deps\openssl\release\obj\openssl\ocsp_srv.obj
d:\work\cmedia_server\webrtc_google\lib\mediasoup-demo\server\node_modules\mediasoup\worker\deps\openssl\release\obj\openssl\ocsp_prn.obj
d:\work\cmedia_server\webrtc_google\lib\mediasoup-demo\server\node_modules\mediasoup\worker\deps\openssl\release\obj\openssl\ocsp_lib.obj
d:\work\cmedia_server\webrtc_google\lib\mediasoup-demo\server\node_modules\mediasoup\worker\deps\openssl\release\obj\openssl\ocsp_ht.obj
d:\work\cmedia_server\webrtc_google\lib\mediasoup-demo\server\node_modules\mediasoup\worker\deps\openssl\release\obj\openssl\ocsp_ext.obj
d:\work\cmedia_server\webrtc_google\lib\mediasoup-demo\server\node_modules\mediasoup\worker\deps\openssl\release\obj\openssl\ocsp_err.obj
d:\work\cmedia_server\webrtc_google\lib\mediasoup-demo\server\node_modules\mediasoup\worker\deps\openssl\release\obj\openssl\ocsp_cl.obj
d:\work\cmedia_server\webrtc_google\lib\mediasoup-demo\server\node_modules\mediasoup\worker\deps\openssl\release\obj\openssl\ocsp_asn.obj
d:\work\cmedia_server\webrtc_google\lib\mediasoup-demo\server\node_modules\mediasoup\worker\deps\openssl\release\obj\openssl\obj_xref.obj
d:\work\cmedia_server\webrtc_google\lib\mediasoup-demo\server\node_modules\mediasoup\worker\deps\openssl\release\obj\openssl\obj_lib.obj
d:\work\cmedia_server\webrtc_google\lib\mediasoup-demo\server\node_modules\mediasoup\worker\deps\openssl\release\obj\openssl\obj_err.obj
d:\work\cmedia_server\webrtc_google\lib\mediasoup-demo\server\node_modules\mediasoup\worker\deps\openssl\release\obj\openssl\obj_dat.obj
d:\work\cmedia_server\webrtc_google\lib\mediasoup-demo\server\node_modules\mediasoup\worker\deps\openssl\release\obj\openssl\o_names.obj
d:\work\cmedia_server\webrtc_google\lib\mediasoup-demo\server\node_modules\mediasoup\worker\deps\openssl\release\obj\openssl\o_time.obj
d:\work\cmedia_server\webrtc_google\lib\mediasoup-demo\server\node_modules\mediasoup\worker\deps\openssl\release\obj\openssl\o_str.obj
d:\work\cmedia_server\webrtc_google\lib\mediasoup-demo\server\node_modules\mediasoup\worker\deps\openssl\release\obj\openssl\p12_p8d.obj
d:\work\cmedia_server\webrtc_google\lib\mediasoup-demo\server\node_modules\mediasoup\worker\deps\openssl\release\obj\openssl\p12_npas.obj
d:\work\cmedia_server\webrtc_google\lib\mediasoup-demo\server\node_modules\mediasoup\worker\deps\openssl\release\obj\openssl\p12_mutl.obj
d:\work\cmedia_server\webrtc_google\lib\mediasoup-demo\server\node_modules\mediasoup\worker\deps\openssl\release\obj\openssl\p12_kiss.obj
d:\work\cmedia_server\webrtc_google\lib\mediasoup-demo\server\node_modules\mediasoup\worker\deps\openssl\release\obj\openssl\p12_key.obj
d:\work\cmedia_server\webrtc_google\lib\mediasoup-demo\server\node_modules\mediasoup\worker\deps\openssl\release\obj\openssl\p12_init.obj
d:\work\cmedia_server\webrtc_google\lib\mediasoup-demo\server\node_modules\mediasoup\worker\deps\openssl\release\obj\openssl\p12_decr.obj
d:\work\cmedia_server\webrtc_google\lib\mediasoup-demo\server\node_modules\mediasoup\worker\deps\openssl\release\obj\openssl\p12_crt.obj
d:\work\cmedia_server\webrtc_google\lib\mediasoup-demo\server\node_modules\mediasoup\worker\deps\openssl\release\obj\openssl\p12_crpt.obj
d:\work\cmedia_server\webrtc_google\lib\mediasoup-demo\server\node_modules\mediasoup\worker\deps\openssl\release\obj\openssl\p12_attr.obj
d:\work\cmedia_server\webrtc_google\lib\mediasoup-demo\server\node_modules\mediasoup\worker\deps\openssl\release\obj\openssl\p12_asn.obj
d:\work\cmedia_server\webrtc_google\lib\mediasoup-demo\server\node_modules\mediasoup\worker\deps\openssl\release\obj\openssl\p12_add.obj
d:\work\cmedia_server\webrtc_google\lib\mediasoup-demo\server\node_modules\mediasoup\worker\deps\openssl\release\obj\openssl\pvkfmt.obj
d:\work\cmedia_server\webrtc_google\lib\mediasoup-demo\server\node_modules\mediasoup\worker\deps\openssl\release\obj\openssl\pem_xaux.obj
d:\work\cmedia_server\webrtc_google\lib\mediasoup-demo\server\node_modules\mediasoup\worker\deps\openssl\release\obj\openssl\pem_x509.obj
d:\work\cmedia_server\webrtc_google\lib\mediasoup-demo\server\node_modules\mediasoup\worker\deps\openssl\release\obj\openssl\pem_sign.obj
d:\work\cmedia_server\webrtc_google\lib\mediasoup-demo\server\node_modules\mediasoup\worker\deps\openssl\release\obj\openssl\pem_pkey.obj
d:\work\cmedia_server\webrtc_google\lib\mediasoup-demo\server\node_modules\mediasoup\worker\deps\openssl\release\obj\openssl\pem_pk8.obj
d:\work\cmedia_server\webrtc_google\lib\mediasoup-demo\server\node_modules\mediasoup\worker\deps\openssl\release\obj\openssl\pem_oth.obj
d:\work\cmedia_server\webrtc_google\lib\mediasoup-demo\server\node_modules\mediasoup\worker\deps\openssl\release\obj\openssl\pem_lib.obj
d:\work\cmedia_server\webrtc_google\lib\mediasoup-demo\server\node_modules\mediasoup\worker\deps\openssl\release\obj\openssl\rand_lib.obj
d:\work\cmedia_server\webrtc_google\lib\mediasoup-demo\server\node_modules\mediasoup\worker\deps\openssl\release\obj\openssl\rand_err.obj
d:\work\cmedia_server\webrtc_google\lib\mediasoup-demo\server\node_modules\mediasoup\worker\deps\openssl\release\obj\openssl\rand_egd.obj
d:\work\cmedia_server\webrtc_google\lib\mediasoup-demo\server\node_modules\mediasoup\worker\deps\openssl\release\obj\openssl\drbg_lib.obj
d:\work\cmedia_server\webrtc_google\lib\mediasoup-demo\server\node_modules\mediasoup\worker\deps\openssl\release\obj\openssl\drbg_ctr.obj
d:\work\cmedia_server\webrtc_google\lib\mediasoup-demo\server\node_modules\mediasoup\worker\deps\openssl\release\obj\openssl\poly1305_pmeth.obj
d:\work\cmedia_server\webrtc_google\lib\mediasoup-demo\server\node_modules\mediasoup\worker\deps\openssl\release\obj\openssl\poly1305_ameth.obj
d:\work\cmedia_server\webrtc_google\lib\mediasoup-demo\server\node_modules\mediasoup\worker\deps\openssl\release\obj\openssl\poly1305.obj
d:\work\cmedia_server\webrtc_google\lib\mediasoup-demo\server\node_modules\mediasoup\worker\deps\openssl\release\obj\openssl\pkcs7err.obj
d:\work\cmedia_server\webrtc_google\lib\mediasoup-demo\server\node_modules\mediasoup\worker\deps\openssl\release\obj\openssl\pk7_smime.obj
d:\work\cmedia_server\webrtc_google\lib\mediasoup-demo\server\node_modules\mediasoup\worker\deps\openssl\release\obj\openssl\pk7_mime.obj
d:\work\cmedia_server\webrtc_google\lib\mediasoup-demo\server\node_modules\mediasoup\worker\deps\openssl\release\obj\openssl\pk7_lib.obj
d:\work\cmedia_server\webrtc_google\lib\mediasoup-demo\server\node_modules\mediasoup\worker\deps\openssl\release\obj\openssl\pk7_doit.obj
d:\work\cmedia_server\webrtc_google\lib\mediasoup-demo\server\node_modules\mediasoup\worker\deps\openssl\release\obj\openssl\pk7_attr.obj
d:\work\cmedia_server\webrtc_google\lib\mediasoup-demo\server\node_modules\mediasoup\worker\deps\openssl\release\obj\openssl\pk7_asn1.obj
d:\work\cmedia_server\webrtc_google\lib\mediasoup-demo\server\node_modules\mediasoup\worker\deps\openssl\release\obj\openssl\bio_pk7.obj
d:\work\cmedia_server\webrtc_google\lib\mediasoup-demo\server\node_modules\mediasoup\worker\deps\openssl\release\obj\openssl\pk12err.obj
d:\work\cmedia_server\webrtc_google\lib\mediasoup-demo\server\node_modules\mediasoup\worker\deps\openssl\release\obj\openssl\p12_utl.obj
d:\work\cmedia_server\webrtc_google\lib\mediasoup-demo\server\node_modules\mediasoup\worker\deps\openssl\release\obj\openssl\p12_sbag.obj
d:\work\cmedia_server\webrtc_google\lib\mediasoup-demo\server\node_modules\mediasoup\worker\deps\openssl\release\obj\openssl\p12_p8e.obj
d:\work\cmedia_server\webrtc_google\lib\mediasoup-demo\server\node_modules\mediasoup\worker\deps\openssl\release\obj\openssl\rsa_gen.obj
d:\work\cmedia_server\webrtc_google\lib\mediasoup-demo\server\node_modules\mediasoup\worker\deps\openssl\release\obj\openssl\rsa_err.obj
d:\work\cmedia_server\webrtc_google\lib\mediasoup-demo\server\node_modules\mediasoup\worker\deps\openssl\release\obj\openssl\rsa_depr.obj
d:\work\cmedia_server\webrtc_google\lib\mediasoup-demo\server\node_modules\mediasoup\worker\deps\openssl\release\obj\openssl\rsa_crpt.obj
d:\work\cmedia_server\webrtc_google\lib\mediasoup-demo\server\node_modules\mediasoup\worker\deps\openssl\release\obj\openssl\rsa_chk.obj
d:\work\cmedia_server\webrtc_google\lib\mediasoup-demo\server\node_modules\mediasoup\worker\deps\openssl\release\obj\openssl\rsa_asn1.obj
d:\work\cmedia_server\webrtc_google\lib\mediasoup-demo\server\node_modules\mediasoup\worker\deps\openssl\release\obj\openssl\rsa_ameth.obj
d:\work\cmedia_server\webrtc_google\lib\mediasoup-demo\server\node_modules\mediasoup\worker\deps\openssl\release\obj\openssl\rmd_one.obj
d:\work\cmedia_server\webrtc_google\lib\mediasoup-demo\server\node_modules\mediasoup\worker\deps\openssl\release\obj\openssl\rmd_dgst.obj
d:\work\cmedia_server\webrtc_google\lib\mediasoup-demo\server\node_modules\mediasoup\worker\deps\openssl\release\obj\openssl\rc4_skey.obj
d:\work\cmedia_server\webrtc_google\lib\mediasoup-demo\server\node_modules\mediasoup\worker\deps\openssl\release\obj\openssl\rc4_enc.obj
d:\work\cmedia_server\webrtc_google\lib\mediasoup-demo\server\node_modules\mediasoup\worker\deps\openssl\release\obj\openssl\rc2ofb64.obj
d:\work\cmedia_server\webrtc_google\lib\mediasoup-demo\server\node_modules\mediasoup\worker\deps\openssl\release\obj\openssl\rc2cfb64.obj
d:\work\cmedia_server\webrtc_google\lib\mediasoup-demo\server\node_modules\mediasoup\worker\deps\openssl\release\obj\openssl\rc2_skey.obj
d:\work\cmedia_server\webrtc_google\lib\mediasoup-demo\server\node_modules\mediasoup\worker\deps\openssl\release\obj\openssl\rc2_ecb.obj
d:\work\cmedia_server\webrtc_google\lib\mediasoup-demo\server\node_modules\mediasoup\worker\deps\openssl\release\obj\openssl\rc2_cbc.obj
d:\work\cmedia_server\webrtc_google\lib\mediasoup-demo\server\node_modules\mediasoup\worker\deps\openssl\release\obj\openssl\randfile.obj
d:\work\cmedia_server\webrtc_google\lib\mediasoup-demo\server\node_modules\mediasoup\worker\deps\openssl\release\obj\openssl\rand_win.obj
d:\work\cmedia_server\webrtc_google\lib\mediasoup-demo\server\node_modules\mediasoup\worker\deps\openssl\release\obj\openssl\rand_vms.obj
d:\work\cmedia_server\webrtc_google\lib\mediasoup-demo\server\node_modules\mediasoup\worker\deps\openssl\release\obj\openssl\rand_unix.obj
d:\work\cmedia_server\webrtc_google\lib\mediasoup-demo\server\node_modules\mediasoup\worker\deps\openssl\release\obj\openssl\seed_ofb.obj
d:\work\cmedia_server\webrtc_google\lib\mediasoup-demo\server\node_modules\mediasoup\worker\deps\openssl\release\obj\openssl\seed_ecb.obj
d:\work\cmedia_server\webrtc_google\lib\mediasoup-demo\server\node_modules\mediasoup\worker\deps\openssl\release\obj\openssl\seed_cfb.obj
d:\work\cmedia_server\webrtc_google\lib\mediasoup-demo\server\node_modules\mediasoup\worker\deps\openssl\release\obj\openssl\seed_cbc.obj
d:\work\cmedia_server\webrtc_google\lib\mediasoup-demo\server\node_modules\mediasoup\worker\deps\openssl\release\obj\openssl\seed.obj
d:\work\cmedia_server\webrtc_google\lib\mediasoup-demo\server\node_modules\mediasoup\worker\deps\openssl\release\obj\openssl\rsa_x931g.obj
d:\work\cmedia_server\webrtc_google\lib\mediasoup-demo\server\node_modules\mediasoup\worker\deps\openssl\release\obj\openssl\rsa_x931.obj
d:\work\cmedia_server\webrtc_google\lib\mediasoup-demo\server\node_modules\mediasoup\worker\deps\openssl\release\obj\openssl\rsa_ssl.obj
d:\work\cmedia_server\webrtc_google\lib\mediasoup-demo\server\node_modules\mediasoup\worker\deps\openssl\release\obj\openssl\rsa_sign.obj
d:\work\cmedia_server\webrtc_google\lib\mediasoup-demo\server\node_modules\mediasoup\worker\deps\openssl\release\obj\openssl\rsa_saos.obj
d:\work\cmedia_server\webrtc_google\lib\mediasoup-demo\server\node_modules\mediasoup\worker\deps\openssl\release\obj\openssl\rsa_pss.obj
d:\work\cmedia_server\webrtc_google\lib\mediasoup-demo\server\node_modules\mediasoup\worker\deps\openssl\release\obj\openssl\rsa_prn.obj
d:\work\cmedia_server\webrtc_google\lib\mediasoup-demo\server\node_modules\mediasoup\worker\deps\openssl\release\obj\openssl\rsa_pmeth.obj
d:\work\cmedia_server\webrtc_google\lib\mediasoup-demo\server\node_modules\mediasoup\worker\deps\openssl\release\obj\openssl\rsa_pk1.obj
d:\work\cmedia_server\webrtc_google\lib\mediasoup-demo\server\node_modules\mediasoup\worker\deps\openssl\release\obj\openssl\rsa_ossl.obj
d:\work\cmedia_server\webrtc_google\lib\mediasoup-demo\server\node_modules\mediasoup\worker\deps\openssl\release\obj\openssl\rsa_oaep.obj
d:\work\cmedia_server\webrtc_google\lib\mediasoup-demo\server\node_modules\mediasoup\worker\deps\openssl\release\obj\openssl\rsa_none.obj
d:\work\cmedia_server\webrtc_google\lib\mediasoup-demo\server\node_modules\mediasoup\worker\deps\openssl\release\obj\openssl\rsa_mp.obj
d:\work\cmedia_server\webrtc_google\lib\mediasoup-demo\server\node_modules\mediasoup\worker\deps\openssl\release\obj\openssl\rsa_meth.obj
d:\work\cmedia_server\webrtc_google\lib\mediasoup-demo\server\node_modules\mediasoup\worker\deps\openssl\release\obj\openssl\rsa_lib.obj
d:\work\cmedia_server\webrtc_google\lib\mediasoup-demo\server\node_modules\mediasoup\worker\deps\openssl\release\obj\openssl\store_err.obj
d:\work\cmedia_server\webrtc_google\lib\mediasoup-demo\server\node_modules\mediasoup\worker\deps\openssl\release\obj\openssl\loader_file.obj
d:\work\cmedia_server\webrtc_google\lib\mediasoup-demo\server\node_modules\mediasoup\worker\deps\openssl\release\obj\openssl\stack.obj
d:\work\cmedia_server\webrtc_google\lib\mediasoup-demo\server\node_modules\mediasoup\worker\deps\openssl\release\obj\openssl\srp_vfy.obj
d:\work\cmedia_server\webrtc_google\lib\mediasoup-demo\server\node_modules\mediasoup\worker\deps\openssl\release\obj\openssl\srp_lib.obj
d:\work\cmedia_server\webrtc_google\lib\mediasoup-demo\server\node_modules\mediasoup\worker\deps\openssl\release\obj\openssl\sm4.obj
d:\work\cmedia_server\webrtc_google\lib\mediasoup-demo\server\node_modules\mediasoup\worker\deps\openssl\release\obj\openssl\sm3.obj
d:\work\cmedia_server\webrtc_google\lib\mediasoup-demo\server\node_modules\mediasoup\worker\deps\openssl\release\obj\openssl\m_sm3.obj
d:\work\cmedia_server\webrtc_google\lib\mediasoup-demo\server\node_modules\mediasoup\worker\deps\openssl\release\obj\openssl\sm2_sign.obj
d:\work\cmedia_server\webrtc_google\lib\mediasoup-demo\server\node_modules\mediasoup\worker\deps\openssl\release\obj\openssl\sm2_pmeth.obj
d:\work\cmedia_server\webrtc_google\lib\mediasoup-demo\server\node_modules\mediasoup\worker\deps\openssl\release\obj\openssl\sm2_err.obj
d:\work\cmedia_server\webrtc_google\lib\mediasoup-demo\server\node_modules\mediasoup\worker\deps\openssl\release\obj\openssl\sm2_crypt.obj
d:\work\cmedia_server\webrtc_google\lib\mediasoup-demo\server\node_modules\mediasoup\worker\deps\openssl\release\obj\openssl\siphash_pmeth.obj
d:\work\cmedia_server\webrtc_google\lib\mediasoup-demo\server\node_modules\mediasoup\worker\deps\openssl\release\obj\openssl\siphash_ameth.obj
d:\work\cmedia_server\webrtc_google\lib\mediasoup-demo\server\node_modules\mediasoup\worker\deps\openssl\release\obj\openssl\siphash.obj
d:\work\cmedia_server\webrtc_google\lib\mediasoup-demo\server\node_modules\mediasoup\worker\deps\openssl\release\obj\openssl\sha512.obj
d:\work\cmedia_server\webrtc_google\lib\mediasoup-demo\server\node_modules\mediasoup\worker\deps\openssl\release\obj\openssl\sha256.obj
d:\work\cmedia_server\webrtc_google\lib\mediasoup-demo\server\node_modules\mediasoup\worker\deps\openssl\release\obj\openssl\sha1dgst.obj
d:\work\cmedia_server\webrtc_google\lib\mediasoup-demo\server\node_modules\mediasoup\worker\deps\openssl\release\obj\openssl\sha1_one.obj
d:\work\cmedia_server\webrtc_google\lib\mediasoup-demo\server\node_modules\mediasoup\worker\deps\openssl\release\obj\openssl\keccak1600.obj
d:\work\cmedia_server\webrtc_google\lib\mediasoup-demo\server\node_modules\mediasoup\worker\deps\openssl\release\obj\openssl\ui_err.obj
d:\work\cmedia_server\webrtc_google\lib\mediasoup-demo\server\node_modules\mediasoup\worker\deps\openssl\release\obj\openssl\txt_db.obj
d:\work\cmedia_server\webrtc_google\lib\mediasoup-demo\server\node_modules\mediasoup\worker\deps\openssl\release\obj\openssl\ts_verify_ctx.obj
d:\work\cmedia_server\webrtc_google\lib\mediasoup-demo\server\node_modules\mediasoup\worker\deps\openssl\release\obj\openssl\ts_rsp_verify.obj
d:\work\cmedia_server\webrtc_google\lib\mediasoup-demo\server\node_modules\mediasoup\worker\deps\openssl\release\obj\openssl\ts_rsp_utils.obj
d:\work\cmedia_server\webrtc_google\lib\mediasoup-demo\server\node_modules\mediasoup\worker\deps\openssl\release\obj\openssl\ts_rsp_sign.obj
d:\work\cmedia_server\webrtc_google\lib\mediasoup-demo\server\node_modules\mediasoup\worker\deps\openssl\release\obj\openssl\ts_rsp_print.obj
d:\work\cmedia_server\webrtc_google\lib\mediasoup-demo\server\node_modules\mediasoup\worker\deps\openssl\release\obj\openssl\ts_req_utils.obj
d:\work\cmedia_server\webrtc_google\lib\mediasoup-demo\server\node_modules\mediasoup\worker\deps\openssl\release\obj\openssl\ts_req_print.obj
d:\work\cmedia_server\webrtc_google\lib\mediasoup-demo\server\node_modules\mediasoup\worker\deps\openssl\release\obj\openssl\ts_lib.obj
d:\work\cmedia_server\webrtc_google\lib\mediasoup-demo\server\node_modules\mediasoup\worker\deps\openssl\release\obj\openssl\ts_err.obj
d:\work\cmedia_server\webrtc_google\lib\mediasoup-demo\server\node_modules\mediasoup\worker\deps\openssl\release\obj\openssl\ts_conf.obj
d:\work\cmedia_server\webrtc_google\lib\mediasoup-demo\server\node_modules\mediasoup\worker\deps\openssl\release\obj\openssl\ts_asn1.obj
d:\work\cmedia_server\webrtc_google\lib\mediasoup-demo\server\node_modules\mediasoup\worker\deps\openssl\release\obj\openssl\threads_win.obj
d:\work\cmedia_server\webrtc_google\lib\mediasoup-demo\server\node_modules\mediasoup\worker\deps\openssl\release\obj\openssl\threads_pthread.obj
d:\work\cmedia_server\webrtc_google\lib\mediasoup-demo\server\node_modules\mediasoup\worker\deps\openssl\release\obj\openssl\threads_none.obj
d:\work\cmedia_server\webrtc_google\lib\mediasoup-demo\server\node_modules\mediasoup\worker\deps\openssl\release\obj\openssl\store_strings.obj
d:\work\cmedia_server\webrtc_google\lib\mediasoup-demo\server\node_modules\mediasoup\worker\deps\openssl\release\obj\openssl\store_register.obj
d:\work\cmedia_server\webrtc_google\lib\mediasoup-demo\server\node_modules\mediasoup\worker\deps\openssl\release\obj\openssl\store_lib.obj
d:\work\cmedia_server\webrtc_google\lib\mediasoup-demo\server\node_modules\mediasoup\worker\deps\openssl\release\obj\openssl\store_init.obj
d:\work\cmedia_server\webrtc_google\lib\mediasoup-demo\server\node_modules\mediasoup\worker\deps\openssl\release\obj\openssl\x509_meth.obj
d:\work\cmedia_server\webrtc_google\lib\mediasoup-demo\server\node_modules\mediasoup\worker\deps\openssl\release\obj\openssl\x509_lu.obj
d:\work\cmedia_server\webrtc_google\lib\mediasoup-demo\server\node_modules\mediasoup\worker\deps\openssl\release\obj\openssl\x509_ext.obj
d:\work\cmedia_server\webrtc_google\lib\mediasoup-demo\server\node_modules\mediasoup\worker\deps\openssl\release\obj\openssl\x509_err.obj
d:\work\cmedia_server\webrtc_google\lib\mediasoup-demo\server\node_modules\mediasoup\worker\deps\openssl\release\obj\openssl\x509_def.obj
d:\work\cmedia_server\webrtc_google\lib\mediasoup-demo\server\node_modules\mediasoup\worker\deps\openssl\release\obj\openssl\x509_d2.obj
d:\work\cmedia_server\webrtc_google\lib\mediasoup-demo\server\node_modules\mediasoup\worker\deps\openssl\release\obj\openssl\x509_cmp.obj
d:\work\cmedia_server\webrtc_google\lib\mediasoup-demo\server\node_modules\mediasoup\worker\deps\openssl\release\obj\openssl\x509_att.obj
d:\work\cmedia_server\webrtc_google\lib\mediasoup-demo\server\node_modules\mediasoup\worker\deps\openssl\release\obj\openssl\t_x509.obj
d:\work\cmedia_server\webrtc_google\lib\mediasoup-demo\server\node_modules\mediasoup\worker\deps\openssl\release\obj\openssl\t_req.obj
d:\work\cmedia_server\webrtc_google\lib\mediasoup-demo\server\node_modules\mediasoup\worker\deps\openssl\release\obj\openssl\t_crl.obj
d:\work\cmedia_server\webrtc_google\lib\mediasoup-demo\server\node_modules\mediasoup\worker\deps\openssl\release\obj\openssl\by_file.obj
d:\work\cmedia_server\webrtc_google\lib\mediasoup-demo\server\node_modules\mediasoup\worker\deps\openssl\release\obj\openssl\by_dir.obj
d:\work\cmedia_server\webrtc_google\lib\mediasoup-demo\server\node_modules\mediasoup\worker\deps\openssl\release\obj\openssl\wp_dgst.obj
d:\work\cmedia_server\webrtc_google\lib\mediasoup-demo\server\node_modules\mediasoup\worker\deps\openssl\release\obj\openssl\wp_block.obj
d:\work\cmedia_server\webrtc_google\lib\mediasoup-demo\server\node_modules\mediasoup\worker\deps\openssl\release\obj\openssl\uid.obj
d:\work\cmedia_server\webrtc_google\lib\mediasoup-demo\server\node_modules\mediasoup\worker\deps\openssl\release\obj\openssl\ui_util.obj
d:\work\cmedia_server\webrtc_google\lib\mediasoup-demo\server\node_modules\mediasoup\worker\deps\openssl\release\obj\openssl\ui_openssl.obj
d:\work\cmedia_server\webrtc_google\lib\mediasoup-demo\server\node_modules\mediasoup\worker\deps\openssl\release\obj\openssl\ui_null.obj
d:\work\cmedia_server\webrtc_google\lib\mediasoup-demo\server\node_modules\mediasoup\worker\deps\openssl\release\obj\openssl\ui_lib.obj
d:\work\cmedia_server\webrtc_google\lib\mediasoup-demo\server\node_modules\mediasoup\worker\deps\openssl\release\obj\openssl\x_pubkey.obj
d:\work\cmedia_server\webrtc_google\lib\mediasoup-demo\server\node_modules\mediasoup\worker\deps\openssl\release\obj\openssl\x_name.obj
d:\work\cmedia_server\webrtc_google\lib\mediasoup-demo\server\node_modules\mediasoup\worker\deps\openssl\release\obj\openssl\x_exten.obj
d:\work\cmedia_server\webrtc_google\lib\mediasoup-demo\server\node_modules\mediasoup\worker\deps\openssl\release\obj\openssl\x_crl.obj
d:\work\cmedia_server\webrtc_google\lib\mediasoup-demo\server\node_modules\mediasoup\worker\deps\openssl\release\obj\openssl\x_attrib.obj
d:\work\cmedia_server\webrtc_google\lib\mediasoup-demo\server\node_modules\mediasoup\worker\deps\openssl\release\obj\openssl\x_all.obj
d:\work\cmedia_server\webrtc_google\lib\mediasoup-demo\server\node_modules\mediasoup\worker\deps\openssl\release\obj\openssl\x509type.obj
d:\work\cmedia_server\webrtc_google\lib\mediasoup-demo\server\node_modules\mediasoup\worker\deps\openssl\release\obj\openssl\x509spki.obj
d:\work\cmedia_server\webrtc_google\lib\mediasoup-demo\server\node_modules\mediasoup\worker\deps\openssl\release\obj\openssl\x509rset.obj
d:\work\cmedia_server\webrtc_google\lib\mediasoup-demo\server\node_modules\mediasoup\worker\deps\openssl\release\obj\openssl\x509name.obj
d:\work\cmedia_server\webrtc_google\lib\mediasoup-demo\server\node_modules\mediasoup\worker\deps\openssl\release\obj\openssl\x509cset.obj
d:\work\cmedia_server\webrtc_google\lib\mediasoup-demo\server\node_modules\mediasoup\worker\deps\openssl\release\obj\openssl\x509_vpm.obj
d:\work\cmedia_server\webrtc_google\lib\mediasoup-demo\server\node_modules\mediasoup\worker\deps\openssl\release\obj\openssl\x509_vfy.obj
d:\work\cmedia_server\webrtc_google\lib\mediasoup-demo\server\node_modules\mediasoup\worker\deps\openssl\release\obj\openssl\x509_v3.obj
d:\work\cmedia_server\webrtc_google\lib\mediasoup-demo\server\node_modules\mediasoup\worker\deps\openssl\release\obj\openssl\x509_txt.obj
d:\work\cmedia_server\webrtc_google\lib\mediasoup-demo\server\node_modules\mediasoup\worker\deps\openssl\release\obj\openssl\x509_trs.obj
d:\work\cmedia_server\webrtc_google\lib\mediasoup-demo\server\node_modules\mediasoup\worker\deps\openssl\release\obj\openssl\x509_set.obj
d:\work\cmedia_server\webrtc_google\lib\mediasoup-demo\server\node_modules\mediasoup\worker\deps\openssl\release\obj\openssl\x509_req.obj
d:\work\cmedia_server\webrtc_google\lib\mediasoup-demo\server\node_modules\mediasoup\worker\deps\openssl\release\obj\openssl\x509_r2x.obj
d:\work\cmedia_server\webrtc_google\lib\mediasoup-demo\server\node_modules\mediasoup\worker\deps\openssl\release\obj\openssl\x509_obj.obj
d:\work\cmedia_server\webrtc_google\lib\mediasoup-demo\server\node_modules\mediasoup\worker\deps\openssl\release\obj\openssl\v3_crld.obj
d:\work\cmedia_server\webrtc_google\lib\mediasoup-demo\server\node_modules\mediasoup\worker\deps\openssl\release\obj\openssl\v3_cpols.obj
d:\work\cmedia_server\webrtc_google\lib\mediasoup-demo\server\node_modules\mediasoup\worker\deps\openssl\release\obj\openssl\v3_conf.obj
d:\work\cmedia_server\webrtc_google\lib\mediasoup-demo\server\node_modules\mediasoup\worker\deps\openssl\release\obj\openssl\v3_bitst.obj
d:\work\cmedia_server\webrtc_google\lib\mediasoup-demo\server\node_modules\mediasoup\worker\deps\openssl\release\obj\openssl\v3_bcons.obj
d:\work\cmedia_server\webrtc_google\lib\mediasoup-demo\server\node_modules\mediasoup\worker\deps\openssl\release\obj\openssl\v3_asid.obj
d:\work\cmedia_server\webrtc_google\lib\mediasoup-demo\server\node_modules\mediasoup\worker\deps\openssl\release\obj\openssl\v3_alt.obj
d:\work\cmedia_server\webrtc_google\lib\mediasoup-demo\server\node_modules\mediasoup\worker\deps\openssl\release\obj\openssl\v3_akeya.obj
d:\work\cmedia_server\webrtc_google\lib\mediasoup-demo\server\node_modules\mediasoup\worker\deps\openssl\release\obj\openssl\v3_akey.obj
d:\work\cmedia_server\webrtc_google\lib\mediasoup-demo\server\node_modules\mediasoup\worker\deps\openssl\release\obj\openssl\v3_admis.obj
d:\work\cmedia_server\webrtc_google\lib\mediasoup-demo\server\node_modules\mediasoup\worker\deps\openssl\release\obj\openssl\v3_addr.obj
d:\work\cmedia_server\webrtc_google\lib\mediasoup-demo\server\node_modules\mediasoup\worker\deps\openssl\release\obj\openssl\pcy_tree.obj
d:\work\cmedia_server\webrtc_google\lib\mediasoup-demo\server\node_modules\mediasoup\worker\deps\openssl\release\obj\openssl\pcy_node.obj
d:\work\cmedia_server\webrtc_google\lib\mediasoup-demo\server\node_modules\mediasoup\worker\deps\openssl\release\obj\openssl\pcy_map.obj
d:\work\cmedia_server\webrtc_google\lib\mediasoup-demo\server\node_modules\mediasoup\worker\deps\openssl\release\obj\openssl\pcy_lib.obj
d:\work\cmedia_server\webrtc_google\lib\mediasoup-demo\server\node_modules\mediasoup\worker\deps\openssl\release\obj\openssl\pcy_data.obj
d:\work\cmedia_server\webrtc_google\lib\mediasoup-demo\server\node_modules\mediasoup\worker\deps\openssl\release\obj\openssl\pcy_cache.obj
d:\work\cmedia_server\webrtc_google\lib\mediasoup-demo\server\node_modules\mediasoup\worker\deps\openssl\release\obj\openssl\x_x509a.obj
d:\work\cmedia_server\webrtc_google\lib\mediasoup-demo\server\node_modules\mediasoup\worker\deps\openssl\release\obj\openssl\x_x509.obj
d:\work\cmedia_server\webrtc_google\lib\mediasoup-demo\server\node_modules\mediasoup\worker\deps\openssl\release\obj\openssl\x_req.obj
d:\work\cmedia_server\webrtc_google\lib\mediasoup-demo\server\node_modules\mediasoup\worker\deps\openssl\release\obj\openssl\v3err.obj
d:\work\cmedia_server\webrtc_google\lib\mediasoup-demo\server\node_modules\mediasoup\worker\deps\openssl\release\obj\openssl\v3_utl.obj
d:\work\cmedia_server\webrtc_google\lib\mediasoup-demo\server\node_modules\mediasoup\worker\deps\openssl\release\obj\openssl\v3_tlsf.obj
d:\work\cmedia_server\webrtc_google\lib\mediasoup-demo\server\node_modules\mediasoup\worker\deps\openssl\release\obj\openssl\v3_sxnet.obj
d:\work\cmedia_server\webrtc_google\lib\mediasoup-demo\server\node_modules\mediasoup\worker\deps\openssl\release\obj\openssl\v3_skey.obj
d:\work\cmedia_server\webrtc_google\lib\mediasoup-demo\server\node_modules\mediasoup\worker\deps\openssl\release\obj\openssl\v3_purp.obj
d:\work\cmedia_server\webrtc_google\lib\mediasoup-demo\server\node_modules\mediasoup\worker\deps\openssl\release\obj\openssl\v3_prn.obj
d:\work\cmedia_server\webrtc_google\lib\mediasoup-demo\server\node_modules\mediasoup\worker\deps\openssl\release\obj\openssl\v3_pmaps.obj
d:\work\cmedia_server\webrtc_google\lib\mediasoup-demo\server\node_modules\mediasoup\worker\deps\openssl\release\obj\openssl\v3_pku.obj
d:\work\cmedia_server\webrtc_google\lib\mediasoup-demo\server\node_modules\mediasoup\worker\deps\openssl\release\obj\openssl\v3_pcons.obj
d:\work\cmedia_server\webrtc_google\lib\mediasoup-demo\server\node_modules\mediasoup\worker\deps\openssl\release\obj\openssl\v3_pcia.obj
d:\work\cmedia_server\webrtc_google\lib\mediasoup-demo\server\node_modules\mediasoup\worker\deps\openssl\release\obj\openssl\v3_pci.obj
d:\work\cmedia_server\webrtc_google\lib\mediasoup-demo\server\node_modules\mediasoup\worker\deps\openssl\release\obj\openssl\v3_ncons.obj
d:\work\cmedia_server\webrtc_google\lib\mediasoup-demo\server\node_modules\mediasoup\worker\deps\openssl\release\obj\openssl\v3_lib.obj
d:\work\cmedia_server\webrtc_google\lib\mediasoup-demo\server\node_modules\mediasoup\worker\deps\openssl\release\obj\openssl\v3_int.obj
d:\work\cmedia_server\webrtc_google\lib\mediasoup-demo\server\node_modules\mediasoup\worker\deps\openssl\release\obj\openssl\v3_info.obj
d:\work\cmedia_server\webrtc_google\lib\mediasoup-demo\server\node_modules\mediasoup\worker\deps\openssl\release\obj\openssl\v3_ia5.obj
d:\work\cmedia_server\webrtc_google\lib\mediasoup-demo\server\node_modules\mediasoup\worker\deps\openssl\release\obj\openssl\v3_genn.obj
d:\work\cmedia_server\webrtc_google\lib\mediasoup-demo\server\node_modules\mediasoup\worker\deps\openssl\release\obj\openssl\v3_extku.obj
d:\work\cmedia_server\webrtc_google\lib\mediasoup-demo\server\node_modules\mediasoup\worker\deps\openssl\release\obj\openssl\v3_enum.obj
d:\work\cmedia_server\webrtc_google\lib\mediasoup-demo\server\node_modules\mediasoup\worker\deps\openssl\release\obj\openssl\e_padlock.obj
d:\work\cmedia_server\webrtc_google\lib\mediasoup-demo\server\node_modules\mediasoup\worker\deps\openssl\release\obj\openssl\e_capi.obj
d:\work\cmedia_server\webrtc_google\lib\mediasoup-demo\server\node_modules\mediasoup\worker\release\lib\openssl.lib
d:\work\cmedia_server\webrtc_google\lib\mediasoup-demo\server\node_modules\mediasoup\worker\deps\openssl\release\obj\openssl\openssl.tlog\cl.command.1.tlog
d:\work\cmedia_server\webrtc_google\lib\mediasoup-demo\server\node_modules\mediasoup\worker\deps\openssl\release\obj\openssl\openssl.tlog\cl.read.1.tlog
d:\work\cmedia_server\webrtc_google\lib\mediasoup-demo\server\node_modules\mediasoup\worker\deps\openssl\release\obj\openssl\openssl.tlog\cl.write.1.tlog
d:\work\cmedia_server\webrtc_google\lib\mediasoup-demo\server\node_modules\mediasoup\worker\deps\openssl\release\obj\openssl\openssl.tlog\lib-link.read.1.tlog
d:\work\cmedia_server\webrtc_google\lib\mediasoup-demo\server\node_modules\mediasoup\worker\deps\openssl\release\obj\openssl\openssl.tlog\lib-link.write.1.tlog
d:\work\cmedia_server\webrtc_google\lib\mediasoup-demo\server\node_modules\mediasoup\worker\deps\openssl\release\obj\openssl\openssl.tlog\lib.command.1.tlog
