d:\work\cmedia_server\webrtc_google\lib\mediasoup-demo\server\node_modules\mediasoup\worker\deps\libsrtp\release\obj\libsrtp\libsrtp.pdb
d:\work\cmedia_server\webrtc_google\lib\mediasoup-demo\server\node_modules\mediasoup\worker\deps\libsrtp\release\obj\libsrtp\hmac_ossl.obj
d:\work\cmedia_server\webrtc_google\lib\mediasoup-demo\server\node_modules\mediasoup\worker\deps\libsrtp\release\obj\libsrtp\aes_icm_ossl.obj
d:\work\cmedia_server\webrtc_google\lib\mediasoup-demo\server\node_modules\mediasoup\worker\deps\libsrtp\release\obj\libsrtp\aes_gcm_ossl.obj
d:\work\cmedia_server\webrtc_google\lib\mediasoup-demo\server\node_modules\mediasoup\worker\deps\libsrtp\release\obj\libsrtp\ut_sim.obj
d:\work\cmedia_server\webrtc_google\lib\mediasoup-demo\server\node_modules\mediasoup\worker\deps\libsrtp\release\obj\libsrtp\rdbx.obj
d:\work\cmedia_server\webrtc_google\lib\mediasoup-demo\server\node_modules\mediasoup\worker\deps\libsrtp\release\obj\libsrtp\rdb.obj
d:\work\cmedia_server\webrtc_google\lib\mediasoup-demo\server\node_modules\mediasoup\worker\deps\libsrtp\release\obj\libsrtp\stat.obj
d:\work\cmedia_server\webrtc_google\lib\mediasoup-demo\server\node_modules\mediasoup\worker\deps\libsrtp\release\obj\libsrtp\datatypes.obj
d:\work\cmedia_server\webrtc_google\lib\mediasoup-demo\server\node_modules\mediasoup\worker\deps\libsrtp\release\obj\libsrtp\key.obj
d:\work\cmedia_server\webrtc_google\lib\mediasoup-demo\server\node_modules\mediasoup\worker\deps\libsrtp\release\obj\libsrtp\err.obj
d:\work\cmedia_server\webrtc_google\lib\mediasoup-demo\server\node_modules\mediasoup\worker\deps\libsrtp\release\obj\libsrtp\crypto_kernel.obj
d:\work\cmedia_server\webrtc_google\lib\mediasoup-demo\server\node_modules\mediasoup\worker\deps\libsrtp\release\obj\libsrtp\alloc.obj
d:\work\cmedia_server\webrtc_google\lib\mediasoup-demo\server\node_modules\mediasoup\worker\deps\libsrtp\release\obj\libsrtp\null_auth.obj
d:\work\cmedia_server\webrtc_google\lib\mediasoup-demo\server\node_modules\mediasoup\worker\deps\libsrtp\release\obj\libsrtp\auth.obj
d:\work\cmedia_server\webrtc_google\lib\mediasoup-demo\server\node_modules\mediasoup\worker\deps\libsrtp\release\obj\libsrtp\null_cipher.obj
d:\work\cmedia_server\webrtc_google\lib\mediasoup-demo\server\node_modules\mediasoup\worker\deps\libsrtp\release\obj\libsrtp\cipher.obj
d:\work\cmedia_server\webrtc_google\lib\mediasoup-demo\server\node_modules\mediasoup\worker\deps\libsrtp\release\obj\libsrtp\aes.obj
d:\work\cmedia_server\webrtc_google\lib\mediasoup-demo\server\node_modules\mediasoup\worker\deps\libsrtp\release\obj\libsrtp\srtp.obj
d:\work\cmedia_server\webrtc_google\lib\mediasoup-demo\server\node_modules\mediasoup\worker\deps\libsrtp\release\obj\libsrtp\ekt.obj
d:\work\cmedia_server\webrtc_google\lib\mediasoup-demo\server\node_modules\mediasoup\worker\release\lib\libsrtp.lib
d:\work\cmedia_server\webrtc_google\lib\mediasoup-demo\server\node_modules\mediasoup\worker\deps\libsrtp\release\obj\libsrtp\libsrtp.tlog\cl.command.1.tlog
d:\work\cmedia_server\webrtc_google\lib\mediasoup-demo\server\node_modules\mediasoup\worker\deps\libsrtp\release\obj\libsrtp\libsrtp.tlog\cl.read.1.tlog
d:\work\cmedia_server\webrtc_google\lib\mediasoup-demo\server\node_modules\mediasoup\worker\deps\libsrtp\release\obj\libsrtp\libsrtp.tlog\cl.write.1.tlog
d:\work\cmedia_server\webrtc_google\lib\mediasoup-demo\server\node_modules\mediasoup\worker\deps\libsrtp\release\obj\libsrtp\libsrtp.tlog\lib-link.read.1.tlog
d:\work\cmedia_server\webrtc_google\lib\mediasoup-demo\server\node_modules\mediasoup\worker\deps\libsrtp\release\obj\libsrtp\libsrtp.tlog\lib-link.write.1.tlog
d:\work\cmedia_server\webrtc_google\lib\mediasoup-demo\server\node_modules\mediasoup\worker\deps\libsrtp\release\obj\libsrtp\libsrtp.tlog\lib.command.1.tlog
